Command line:
   ./ids_tb_isim_beh.exe
     -intstyle  ise
     -ipchost  localhost
     -ipcport  1062
WARNING:Simulator:16 - For instance UUT/module_regs/, width 48 of formal port
   software_regs is not equal to width 96 of actual.
WARNING:Simulator:679 -  For instance UUT/module_regs/, width 16 of formal port
   hardware_regs is not equal to width 32 of actual variable matches. 

Fri Jan 31 19:42:54 2025

Total Line Count : 2896

 Elaboration Time: 0.78125 sec

 Current Memory Usage: 150.725 Meg

 Total Signals          : 5317
 Total Nets             : 2677
 Total Signal Drivers   : 1492
 Total Blocks           : 1104
 Total Primitive Blocks : 976
 Total Processes        : 2245
 Total Traceable Variables  : 630
 Total Scalar Nets and Variables : 47566
ntrace select -o on -m / -l this 
ntrace start 
isimrun 1000 ns 
Simulator is doing circuit initialization process.
Finished circuit initialization process.
WARNING:Simulator:29 - at 200.000 ns: Warning: Timing violation in
   /ids_tb/UUT/drop_fifo/XLXI_31/inst/  $recovery( CLKB:200.000 ns, CLKA:200.000
   ns,1.000 ns)

WARNING:Simulator:29 - at 200.000 ns: Warning: Timing violation in
   /ids_tb/UUT/drop_fifo/XLXI_31/inst/  $recovery( CLKA:200.000 ns, CLKB:200.000
   ns,1.000 ns)

WARNING:Simulator:29 - at 300.000 ns: Warning: Timing violation in
   /ids_tb/UUT/drop_fifo/XLXI_31/inst/  $recovery( CLKB:300.000 ns, CLKA:300.000
   ns,1.000 ns)

WARNING:Simulator:29 - at 300.000 ns: Warning: Timing violation in
   /ids_tb/UUT/drop_fifo/XLXI_31/inst/  $recovery( CLKA:300.000 ns, CLKB:300.000
   ns,1.000 ns)

WARNING:Simulator:29 - at 400.000 ns: Warning: Timing violation in
   /ids_tb/UUT/drop_fifo/XLXI_31/inst/  $recovery( CLKB:400.000 ns, CLKA:400.000
   ns,1.000 ns)

WARNING:Simulator:29 - at 400.000 ns: Warning: Timing violation in
   /ids_tb/UUT/drop_fifo/XLXI_31/inst/  $recovery( CLKA:400.000 ns, CLKB:400.000
   ns,1.000 ns)

WARNING:Simulator:29 - at 500.000 ns: Warning: Timing violation in
   /ids_tb/UUT/drop_fifo/XLXI_31/inst/  $recovery( CLKB:500.000 ns, CLKA:500.000
   ns,1.000 ns)

WARNING:Simulator:29 - at 500.000 ns: Warning: Timing violation in
   /ids_tb/UUT/drop_fifo/XLXI_31/inst/  $recovery( CLKA:500.000 ns, CLKB:500.000
   ns,1.000 ns)

WARNING:Simulator:29 - at 600.000 ns: Warning: Timing violation in
   /ids_tb/UUT/drop_fifo/XLXI_31/inst/  $recovery( CLKB:600.000 ns, CLKA:600.000
   ns,1.000 ns)

WARNING:Simulator:29 - at 600.000 ns: Warning: Timing violation in
   /ids_tb/UUT/drop_fifo/XLXI_31/inst/  $recovery( CLKA:600.000 ns, CLKB:600.000
   ns,1.000 ns)

WARNING:Simulator:29 - at 700.000 ns: Warning: Timing violation in
   /ids_tb/UUT/drop_fifo/XLXI_31/inst/  $recovery( CLKB:700.000 ns, CLKA:700.000
   ns,1.000 ns)

WARNING:Simulator:29 - at 700.000 ns: Warning: Timing violation in
   /ids_tb/UUT/drop_fifo/XLXI_31/inst/  $recovery( CLKA:700.000 ns, CLKB:700.000
   ns,1.000 ns)

WARNING:Simulator:29 - at 800.000 ns: Warning: Timing violation in
   /ids_tb/UUT/drop_fifo/XLXI_31/inst/  $recovery( CLKB:800.000 ns, CLKA:800.000
   ns,1.000 ns)

WARNING:Simulator:29 - at 800.000 ns: Warning: Timing violation in
   /ids_tb/UUT/drop_fifo/XLXI_31/inst/  $recovery( CLKA:800.000 ns, CLKB:800.000
   ns,1.000 ns)

WARNING:Simulator:29 - at 900.000 ns: Warning: Timing violation in
   /ids_tb/UUT/drop_fifo/XLXI_31/inst/  $recovery( CLKB:900.000 ns, CLKA:900.000
   ns,1.000 ns)

WARNING:Simulator:29 - at 900.000 ns: Warning: Timing violation in
   /ids_tb/UUT/drop_fifo/XLXI_31/inst/  $recovery( CLKA:900.000 ns, CLKB:900.000
   ns,1.000 ns)

WARNING:Simulator:29 - at 1.000 us: Warning: Timing violation in
   /ids_tb/UUT/drop_fifo/XLXI_31/inst/  $recovery( CLKB:1.000 us, CLKA:1.000
   us,1.000 ns)

WARNING:Simulator:29 - at 1.000 us: Warning: Timing violation in
   /ids_tb/UUT/drop_fifo/XLXI_31/inst/  $recovery( CLKA:1.000 us, CLKB:1.000
   us,1.000 ns)

isimrun 21000ns 
WARNING:Simulator:29 - at 1.100 us: Warning: Timing violation in
   /ids_tb/UUT/drop_fifo/XLXI_31/inst/  $recovery( CLKB:1.100 us, CLKA:1.100
   us,1.000 ns)

WARNING:Simulator:29 - at 1.100 us: Warning: Timing violation in
   /ids_tb/UUT/drop_fifo/XLXI_31/inst/  $recovery( CLKA:1.100 us, CLKB:1.100
   us,1.000 ns)

WARNING:Simulator:29 - at 1.200 us: Warning: Timing violation in
   /ids_tb/UUT/drop_fifo/XLXI_31/inst/  $recovery( CLKB:1.200 us, CLKA:1.200
   us,1.000 ns)

WARNING:Simulator:29 - at 1.200 us: Warning: Timing violation in
   /ids_tb/UUT/drop_fifo/XLXI_31/inst/  $recovery( CLKA:1.200 us, CLKB:1.200
   us,1.000 ns)

WARNING:Simulator:29 - at 1.300 us: Warning: Timing violation in
   /ids_tb/UUT/drop_fifo/XLXI_31/inst/  $recovery( CLKB:1.300 us, CLKA:1.300
   us,1.000 ns)

WARNING:Simulator:29 - at 1.300 us: Warning: Timing violation in
   /ids_tb/UUT/drop_fifo/XLXI_31/inst/  $recovery( CLKA:1.300 us, CLKB:1.300
   us,1.000 ns)

WARNING:Simulator:29 - at 1.400 us: Warning: Timing violation in
   /ids_tb/UUT/drop_fifo/XLXI_31/inst/  $recovery( CLKB:1.400 us, CLKA:1.400
   us,1.000 ns)

WARNING:Simulator:29 - at 1.400 us: Warning: Timing violation in
   /ids_tb/UUT/drop_fifo/XLXI_31/inst/  $recovery( CLKA:1.400 us, CLKB:1.400
   us,1.000 ns)

WARNING:Simulator:29 - at 1.500 us: Warning: Timing violation in
   /ids_tb/UUT/drop_fifo/XLXI_31/inst/  $recovery( CLKB:1.500 us, CLKA:1.500
   us,1.000 ns)

WARNING:Simulator:29 - at 1.500 us: Warning: Timing violation in
   /ids_tb/UUT/drop_fifo/XLXI_31/inst/  $recovery( CLKA:1.500 us, CLKB:1.500
   us,1.000 ns)

WARNING:Simulator:29 - at 1.600 us: Warning: Timing violation in
   /ids_tb/UUT/drop_fifo/XLXI_31/inst/  $recovery( CLKB:1.600 us, CLKA:1.600
   us,1.000 ns)

WARNING:Simulator:29 - at 1.600 us: Warning: Timing violation in
   /ids_tb/UUT/drop_fifo/XLXI_31/inst/  $recovery( CLKA:1.600 us, CLKB:1.600
   us,1.000 ns)

WARNING:Simulator:29 - at 1.700 us: Warning: Timing violation in
   /ids_tb/UUT/drop_fifo/XLXI_31/inst/  $recovery( CLKB:1.700 us, CLKA:1.700
   us,1.000 ns)

WARNING:Simulator:29 - at 1.700 us: Warning: Timing violation in
   /ids_tb/UUT/drop_fifo/XLXI_31/inst/  $recovery( CLKA:1.700 us, CLKB:1.700
   us,1.000 ns)

WARNING:Simulator:29 - at 1.800 us: Warning: Timing violation in
   /ids_tb/UUT/drop_fifo/XLXI_31/inst/  $recovery( CLKB:1.800 us, CLKA:1.800
   us,1.000 ns)

WARNING:Simulator:29 - at 1.800 us: Warning: Timing violation in
   /ids_tb/UUT/drop_fifo/XLXI_31/inst/  $recovery( CLKA:1.800 us, CLKB:1.800
   us,1.000 ns)

WARNING:Simulator:29 - at 1.900 us: Warning: Timing violation in
   /ids_tb/UUT/drop_fifo/XLXI_31/inst/  $recovery( CLKB:1.900 us, CLKA:1.900
   us,1.000 ns)

WARNING:Simulator:29 - at 1.900 us: Warning: Timing violation in
   /ids_tb/UUT/drop_fifo/XLXI_31/inst/  $recovery( CLKA:1.900 us, CLKB:1.900
   us,1.000 ns)

WARNING:Simulator:29 - at 2.000 us: Warning: Timing violation in
   /ids_tb/UUT/drop_fifo/XLXI_31/inst/  $recovery( CLKB:2.000 us, CLKA:2.000
   us,1.000 ns)

WARNING:Simulator:29 - at 2.000 us: Warning: Timing violation in
   /ids_tb/UUT/drop_fifo/XLXI_31/inst/  $recovery( CLKA:2.000 us, CLKB:2.000
   us,1.000 ns)

WARNING:Simulator:29 - at 2.100 us: Warning: Timing violation in
   /ids_tb/UUT/drop_fifo/XLXI_31/inst/  $recovery( CLKB:2.100 us, CLKA:2.100
   us,1.000 ns)

WARNING:Simulator:29 - at 2.100 us: Warning: Timing violation in
   /ids_tb/UUT/drop_fifo/XLXI_31/inst/  $recovery( CLKA:2.100 us, CLKB:2.100
   us,1.000 ns)

WARNING:Simulator:29 - at 2.200 us: Warning: Timing violation in
   /ids_tb/UUT/drop_fifo/XLXI_31/inst/  $recovery( CLKB:2.200 us, CLKA:2.200
   us,1.000 ns)

WARNING:Simulator:29 - at 2.200 us: Warning: Timing violation in
   /ids_tb/UUT/drop_fifo/XLXI_31/inst/  $recovery( CLKA:2.200 us, CLKB:2.200
   us,1.000 ns)

WARNING:Simulator:29 - at 2.300 us: Warning: Timing violation in
   /ids_tb/UUT/drop_fifo/XLXI_31/inst/  $recovery( CLKB:2.300 us, CLKA:2.300
   us,1.000 ns)

WARNING:Simulator:29 - at 2.300 us: Warning: Timing violation in
   /ids_tb/UUT/drop_fifo/XLXI_31/inst/  $recovery( CLKA:2.300 us, CLKB:2.300
   us,1.000 ns)

WARNING:Simulator:29 - at 2.400 us: Warning: Timing violation in
   /ids_tb/UUT/drop_fifo/XLXI_31/inst/  $recovery( CLKB:2.400 us, CLKA:2.400
   us,1.000 ns)

WARNING:Simulator:29 - at 2.400 us: Warning: Timing violation in
   /ids_tb/UUT/drop_fifo/XLXI_31/inst/  $recovery( CLKA:2.400 us, CLKB:2.400
   us,1.000 ns)

WARNING:Simulator:29 - at 2.500 us: Warning: Timing violation in
   /ids_tb/UUT/drop_fifo/XLXI_31/inst/  $recovery( CLKB:2.500 us, CLKA:2.500
   us,1.000 ns)

WARNING:Simulator:29 - at 2.500 us: Warning: Timing violation in
   /ids_tb/UUT/drop_fifo/XLXI_31/inst/  $recovery( CLKA:2.500 us, CLKB:2.500
   us,1.000 ns)

WARNING:Simulator:29 - at 2.600 us: Warning: Timing violation in
   /ids_tb/UUT/drop_fifo/XLXI_31/inst/  $recovery( CLKB:2.600 us, CLKA:2.600
   us,1.000 ns)

WARNING:Simulator:29 - at 2.600 us: Warning: Timing violation in
   /ids_tb/UUT/drop_fifo/XLXI_31/inst/  $recovery( CLKA:2.600 us, CLKB:2.600
   us,1.000 ns)

WARNING:Simulator:29 - at 2.700 us: Warning: Timing violation in
   /ids_tb/UUT/drop_fifo/XLXI_31/inst/  $recovery( CLKB:2.700 us, CLKA:2.700
   us,1.000 ns)

WARNING:Simulator:29 - at 2.700 us: Warning: Timing violation in
   /ids_tb/UUT/drop_fifo/XLXI_31/inst/  $recovery( CLKA:2.700 us, CLKB:2.700
   us,1.000 ns)

WARNING:Simulator:29 - at 2.800 us: Warning: Timing violation in
   /ids_tb/UUT/drop_fifo/XLXI_31/inst/  $recovery( CLKB:2.800 us, CLKA:2.800
   us,1.000 ns)

WARNING:Simulator:29 - at 2.800 us: Warning: Timing violation in
   /ids_tb/UUT/drop_fifo/XLXI_31/inst/  $recovery( CLKA:2.800 us, CLKB:2.800
   us,1.000 ns)

WARNING:Simulator:29 - at 2.900 us: Warning: Timing violation in
   /ids_tb/UUT/drop_fifo/XLXI_31/inst/  $recovery( CLKB:2.900 us, CLKA:2.900
   us,1.000 ns)

WARNING:Simulator:29 - at 2.900 us: Warning: Timing violation in
   /ids_tb/UUT/drop_fifo/XLXI_31/inst/  $recovery( CLKA:2.900 us, CLKB:2.900
   us,1.000 ns)

WARNING:Simulator:29 - at 3.000 us: Warning: Timing violation in
   /ids_tb/UUT/drop_fifo/XLXI_31/inst/  $recovery( CLKB:3.000 us, CLKA:3.000
   us,1.000 ns)

WARNING:Simulator:29 - at 3.000 us: Warning: Timing violation in
   /ids_tb/UUT/drop_fifo/XLXI_31/inst/  $recovery( CLKA:3.000 us, CLKB:3.000
   us,1.000 ns)

WARNING:Simulator:29 - at 3.100 us: Warning: Timing violation in
   /ids_tb/UUT/drop_fifo/XLXI_31/inst/  $recovery( CLKB:3.100 us, CLKA:3.100
   us,1.000 ns)

WARNING:Simulator:29 - at 3.100 us: Warning: Timing violation in
   /ids_tb/UUT/drop_fifo/XLXI_31/inst/  $recovery( CLKA:3.100 us, CLKB:3.100
   us,1.000 ns)

WARNING:Simulator:29 - at 3.200 us: Warning: Timing violation in
   /ids_tb/UUT/drop_fifo/XLXI_31/inst/  $recovery( CLKB:3.200 us, CLKA:3.200
   us,1.000 ns)

WARNING:Simulator:29 - at 3.200 us: Warning: Timing violation in
   /ids_tb/UUT/drop_fifo/XLXI_31/inst/  $recovery( CLKA:3.200 us, CLKB:3.200
   us,1.000 ns)

WARNING:Simulator:29 - at 3.300 us: Warning: Timing violation in
   /ids_tb/UUT/drop_fifo/XLXI_31/inst/  $recovery( CLKB:3.300 us, CLKA:3.300
   us,1.000 ns)

WARNING:Simulator:29 - at 3.300 us: Warning: Timing violation in
   /ids_tb/UUT/drop_fifo/XLXI_31/inst/  $recovery( CLKA:3.300 us, CLKB:3.300
   us,1.000 ns)

WARNING:Simulator:29 - at 3.400 us: Warning: Timing violation in
   /ids_tb/UUT/drop_fifo/XLXI_31/inst/  $recovery( CLKB:3.400 us, CLKA:3.400
   us,1.000 ns)

WARNING:Simulator:29 - at 3.400 us: Warning: Timing violation in
   /ids_tb/UUT/drop_fifo/XLXI_31/inst/  $recovery( CLKA:3.400 us, CLKB:3.400
   us,1.000 ns)

WARNING:Simulator:29 - at 3.500 us: Warning: Timing violation in
   /ids_tb/UUT/drop_fifo/XLXI_31/inst/  $recovery( CLKB:3.500 us, CLKA:3.500
   us,1.000 ns)

WARNING:Simulator:29 - at 3.500 us: Warning: Timing violation in
   /ids_tb/UUT/drop_fifo/XLXI_31/inst/  $recovery( CLKA:3.500 us, CLKB:3.500
   us,1.000 ns)

WARNING:Simulator:29 - at 3.600 us: Warning: Timing violation in
   /ids_tb/UUT/drop_fifo/XLXI_31/inst/  $recovery( CLKB:3.600 us, CLKA:3.600
   us,1.000 ns)

WARNING:Simulator:29 - at 3.600 us: Warning: Timing violation in
   /ids_tb/UUT/drop_fifo/XLXI_31/inst/  $recovery( CLKA:3.600 us, CLKB:3.600
   us,1.000 ns)

WARNING:Simulator:29 - at 3.700 us: Warning: Timing violation in
   /ids_tb/UUT/drop_fifo/XLXI_31/inst/  $recovery( CLKB:3.700 us, CLKA:3.700
   us,1.000 ns)

WARNING:Simulator:29 - at 3.700 us: Warning: Timing violation in
   /ids_tb/UUT/drop_fifo/XLXI_31/inst/  $recovery( CLKA:3.700 us, CLKB:3.700
   us,1.000 ns)

WARNING:Simulator:29 - at 3.800 us: Warning: Timing violation in
   /ids_tb/UUT/drop_fifo/XLXI_31/inst/  $recovery( CLKB:3.800 us, CLKA:3.800
   us,1.000 ns)

WARNING:Simulator:29 - at 3.800 us: Warning: Timing violation in
   /ids_tb/UUT/drop_fifo/XLXI_31/inst/  $recovery( CLKA:3.800 us, CLKB:3.800
   us,1.000 ns)

WARNING:Simulator:29 - at 3.900 us: Warning: Timing violation in
   /ids_tb/UUT/drop_fifo/XLXI_31/inst/  $recovery( CLKB:3.900 us, CLKA:3.900
   us,1.000 ns)

WARNING:Simulator:29 - at 3.900 us: Warning: Timing violation in
   /ids_tb/UUT/drop_fifo/XLXI_31/inst/  $recovery( CLKA:3.900 us, CLKB:3.900
   us,1.000 ns)

WARNING:Simulator:29 - at 4.000 us: Warning: Timing violation in
   /ids_tb/UUT/drop_fifo/XLXI_31/inst/  $recovery( CLKB:4.000 us, CLKA:4.000
   us,1.000 ns)

WARNING:Simulator:29 - at 4.000 us: Warning: Timing violation in
   /ids_tb/UUT/drop_fifo/XLXI_31/inst/  $recovery( CLKA:4.000 us, CLKB:4.000
   us,1.000 ns)

WARNING:Simulator:29 - at 4.100 us: Warning: Timing violation in
   /ids_tb/UUT/drop_fifo/XLXI_31/inst/  $recovery( CLKB:4.100 us, CLKA:4.100
   us,1.000 ns)

WARNING:Simulator:29 - at 4.100 us: Warning: Timing violation in
   /ids_tb/UUT/drop_fifo/XLXI_31/inst/  $recovery( CLKA:4.100 us, CLKB:4.100
   us,1.000 ns)

WARNING:Simulator:29 - at 4.200 us: Warning: Timing violation in
   /ids_tb/UUT/drop_fifo/XLXI_31/inst/  $recovery( CLKB:4.200 us, CLKA:4.200
   us,1.000 ns)

WARNING:Simulator:29 - at 4.200 us: Warning: Timing violation in
   /ids_tb/UUT/drop_fifo/XLXI_31/inst/  $recovery( CLKA:4.200 us, CLKB:4.200
   us,1.000 ns)

WARNING:Simulator:29 - at 4.300 us: Warning: Timing violation in
   /ids_tb/UUT/drop_fifo/XLXI_31/inst/  $recovery( CLKB:4.300 us, CLKA:4.300
   us,1.000 ns)

WARNING:Simulator:29 - at 4.300 us: Warning: Timing violation in
   /ids_tb/UUT/drop_fifo/XLXI_31/inst/  $recovery( CLKA:4.300 us, CLKB:4.300
   us,1.000 ns)

WARNING:Simulator:29 - at 4.400 us: Warning: Timing violation in
   /ids_tb/UUT/drop_fifo/XLXI_31/inst/  $recovery( CLKB:4.400 us, CLKA:4.400
   us,1.000 ns)

WARNING:Simulator:29 - at 4.400 us: Warning: Timing violation in
   /ids_tb/UUT/drop_fifo/XLXI_31/inst/  $recovery( CLKA:4.400 us, CLKB:4.400
   us,1.000 ns)

WARNING:Simulator:29 - at 4.500 us: Warning: Timing violation in
   /ids_tb/UUT/drop_fifo/XLXI_31/inst/  $recovery( CLKB:4.500 us, CLKA:4.500
   us,1.000 ns)

WARNING:Simulator:29 - at 4.500 us: Warning: Timing violation in
   /ids_tb/UUT/drop_fifo/XLXI_31/inst/  $recovery( CLKA:4.500 us, CLKB:4.500
   us,1.000 ns)

WARNING:Simulator:29 - at 4.600 us: Warning: Timing violation in
   /ids_tb/UUT/drop_fifo/XLXI_31/inst/  $recovery( CLKB:4.600 us, CLKA:4.600
   us,1.000 ns)

WARNING:Simulator:29 - at 4.600 us: Warning: Timing violation in
   /ids_tb/UUT/drop_fifo/XLXI_31/inst/  $recovery( CLKA:4.600 us, CLKB:4.600
   us,1.000 ns)

WARNING:Simulator:29 - at 4.700 us: Warning: Timing violation in
   /ids_tb/UUT/drop_fifo/XLXI_31/inst/  $recovery( CLKB:4.700 us, CLKA:4.700
   us,1.000 ns)

WARNING:Simulator:29 - at 4.700 us: Warning: Timing violation in
   /ids_tb/UUT/drop_fifo/XLXI_31/inst/  $recovery( CLKA:4.700 us, CLKB:4.700
   us,1.000 ns)

WARNING:Simulator:29 - at 4.800 us: Warning: Timing violation in
   /ids_tb/UUT/drop_fifo/XLXI_31/inst/  $recovery( CLKB:4.800 us, CLKA:4.800
   us,1.000 ns)

WARNING:Simulator:29 - at 4.800 us: Warning: Timing violation in
   /ids_tb/UUT/drop_fifo/XLXI_31/inst/  $recovery( CLKA:4.800 us, CLKB:4.800
   us,1.000 ns)

WARNING:Simulator:29 - at 4.900 us: Warning: Timing violation in
   /ids_tb/UUT/drop_fifo/XLXI_31/inst/  $recovery( CLKB:4.900 us, CLKA:4.900
   us,1.000 ns)

WARNING:Simulator:29 - at 4.900 us: Warning: Timing violation in
   /ids_tb/UUT/drop_fifo/XLXI_31/inst/  $recovery( CLKA:4.900 us, CLKB:4.900
   us,1.000 ns)

WARNING:Simulator:29 - at 5.000 us: Warning: Timing violation in
   /ids_tb/UUT/drop_fifo/XLXI_31/inst/  $recovery( CLKB:5.000 us, CLKA:5.000
   us,1.000 ns)

WARNING:Simulator:29 - at 5.000 us: Warning: Timing violation in
   /ids_tb/UUT/drop_fifo/XLXI_31/inst/  $recovery( CLKA:5.000 us, CLKB:5.000
   us,1.000 ns)

WARNING:Simulator:29 - at 5.100 us: Warning: Timing violation in
   /ids_tb/UUT/drop_fifo/XLXI_31/inst/  $recovery( CLKB:5.100 us, CLKA:5.100
   us,1.000 ns)

WARNING:Simulator:29 - at 5.100 us: Warning: Timing violation in
   /ids_tb/UUT/drop_fifo/XLXI_31/inst/  $recovery( CLKA:5.100 us, CLKB:5.100
   us,1.000 ns)

WARNING:Simulator:29 - at 5.200 us: Warning: Timing violation in
   /ids_tb/UUT/drop_fifo/XLXI_31/inst/  $recovery( CLKB:5.200 us, CLKA:5.200
   us,1.000 ns)

WARNING:Simulator:29 - at 5.200 us: Warning: Timing violation in
   /ids_tb/UUT/drop_fifo/XLXI_31/inst/  $recovery( CLKA:5.200 us, CLKB:5.200
   us,1.000 ns)

WARNING:Simulator:29 - at 5.300 us: Warning: Timing violation in
   /ids_tb/UUT/drop_fifo/XLXI_31/inst/  $recovery( CLKB:5.300 us, CLKA:5.300
   us,1.000 ns)

WARNING:Simulator:29 - at 5.300 us: Warning: Timing violation in
   /ids_tb/UUT/drop_fifo/XLXI_31/inst/  $recovery( CLKA:5.300 us, CLKB:5.300
   us,1.000 ns)

WARNING:Simulator:29 - at 5.400 us: Warning: Timing violation in
   /ids_tb/UUT/drop_fifo/XLXI_31/inst/  $recovery( CLKB:5.400 us, CLKA:5.400
   us,1.000 ns)

WARNING:Simulator:29 - at 5.400 us: Warning: Timing violation in
   /ids_tb/UUT/drop_fifo/XLXI_31/inst/  $recovery( CLKA:5.400 us, CLKB:5.400
   us,1.000 ns)

WARNING:Simulator:29 - at 5.500 us: Warning: Timing violation in
   /ids_tb/UUT/drop_fifo/XLXI_31/inst/  $recovery( CLKB:5.500 us, CLKA:5.500
   us,1.000 ns)

WARNING:Simulator:29 - at 5.500 us: Warning: Timing violation in
   /ids_tb/UUT/drop_fifo/XLXI_31/inst/  $recovery( CLKA:5.500 us, CLKB:5.500
   us,1.000 ns)

WARNING:Simulator:29 - at 5.600 us: Warning: Timing violation in
   /ids_tb/UUT/drop_fifo/XLXI_31/inst/  $recovery( CLKB:5.600 us, CLKA:5.600
   us,1.000 ns)

WARNING:Simulator:29 - at 5.600 us: Warning: Timing violation in
   /ids_tb/UUT/drop_fifo/XLXI_31/inst/  $recovery( CLKA:5.600 us, CLKB:5.600
   us,1.000 ns)

WARNING:Simulator:29 - at 5.700 us: Warning: Timing violation in
   /ids_tb/UUT/drop_fifo/XLXI_31/inst/  $recovery( CLKB:5.700 us, CLKA:5.700
   us,1.000 ns)

WARNING:Simulator:29 - at 5.700 us: Warning: Timing violation in
   /ids_tb/UUT/drop_fifo/XLXI_31/inst/  $recovery( CLKA:5.700 us, CLKB:5.700
   us,1.000 ns)

WARNING:Simulator:29 - at 5.800 us: Warning: Timing violation in
   /ids_tb/UUT/drop_fifo/XLXI_31/inst/  $recovery( CLKB:5.800 us, CLKA:5.800
   us,1.000 ns)

WARNING:Simulator:29 - at 5.800 us: Warning: Timing violation in
   /ids_tb/UUT/drop_fifo/XLXI_31/inst/  $recovery( CLKA:5.800 us, CLKB:5.800
   us,1.000 ns)

WARNING:Simulator:29 - at 5.900 us: Warning: Timing violation in
   /ids_tb/UUT/drop_fifo/XLXI_31/inst/  $recovery( CLKB:5.900 us, CLKA:5.900
   us,1.000 ns)

WARNING:Simulator:29 - at 5.900 us: Warning: Timing violation in
   /ids_tb/UUT/drop_fifo/XLXI_31/inst/  $recovery( CLKA:5.900 us, CLKB:5.900
   us,1.000 ns)

WARNING:Simulator:29 - at 6.000 us: Warning: Timing violation in
   /ids_tb/UUT/drop_fifo/XLXI_31/inst/  $recovery( CLKB:6.000 us, CLKA:6.000
   us,1.000 ns)

WARNING:Simulator:29 - at 6.000 us: Warning: Timing violation in
   /ids_tb/UUT/drop_fifo/XLXI_31/inst/  $recovery( CLKA:6.000 us, CLKB:6.000
   us,1.000 ns)

WARNING:Simulator:29 - at 6.100 us: Warning: Timing violation in
   /ids_tb/UUT/drop_fifo/XLXI_31/inst/  $recovery( CLKB:6.100 us, CLKA:6.100
   us,1.000 ns)

WARNING:Simulator:29 - at 6.100 us: Warning: Timing violation in
   /ids_tb/UUT/drop_fifo/XLXI_31/inst/  $recovery( CLKA:6.100 us, CLKB:6.100
   us,1.000 ns)

WARNING:Simulator:29 - at 6.200 us: Warning: Timing violation in
   /ids_tb/UUT/drop_fifo/XLXI_31/inst/  $recovery( CLKB:6.200 us, CLKA:6.200
   us,1.000 ns)

WARNING:Simulator:29 - at 6.200 us: Warning: Timing violation in
   /ids_tb/UUT/drop_fifo/XLXI_31/inst/  $recovery( CLKA:6.200 us, CLKB:6.200
   us,1.000 ns)

WARNING:Simulator:29 - at 6.300 us: Warning: Timing violation in
   /ids_tb/UUT/drop_fifo/XLXI_31/inst/  $recovery( CLKB:6.300 us, CLKA:6.300
   us,1.000 ns)

WARNING:Simulator:29 - at 6.300 us: Warning: Timing violation in
   /ids_tb/UUT/drop_fifo/XLXI_31/inst/  $recovery( CLKA:6.300 us, CLKB:6.300
   us,1.000 ns)

WARNING:Simulator:29 - at 6.400 us: Warning: Timing violation in
   /ids_tb/UUT/drop_fifo/XLXI_31/inst/  $recovery( CLKB:6.400 us, CLKA:6.400
   us,1.000 ns)

WARNING:Simulator:29 - at 6.400 us: Warning: Timing violation in
   /ids_tb/UUT/drop_fifo/XLXI_31/inst/  $recovery( CLKA:6.400 us, CLKB:6.400
   us,1.000 ns)

WARNING:Simulator:29 - at 6.500 us: Warning: Timing violation in
   /ids_tb/UUT/drop_fifo/XLXI_31/inst/  $recovery( CLKB:6.500 us, CLKA:6.500
   us,1.000 ns)

WARNING:Simulator:29 - at 6.500 us: Warning: Timing violation in
   /ids_tb/UUT/drop_fifo/XLXI_31/inst/  $recovery( CLKA:6.500 us, CLKB:6.500
   us,1.000 ns)

WARNING:Simulator:29 - at 6.600 us: Warning: Timing violation in
   /ids_tb/UUT/drop_fifo/XLXI_31/inst/  $recovery( CLKB:6.600 us, CLKA:6.600
   us,1.000 ns)

WARNING:Simulator:29 - at 6.600 us: Warning: Timing violation in
   /ids_tb/UUT/drop_fifo/XLXI_31/inst/  $recovery( CLKA:6.600 us, CLKB:6.600
   us,1.000 ns)

WARNING:Simulator:29 - at 6.700 us: Warning: Timing violation in
   /ids_tb/UUT/drop_fifo/XLXI_31/inst/  $recovery( CLKB:6.700 us, CLKA:6.700
   us,1.000 ns)

WARNING:Simulator:29 - at 6.700 us: Warning: Timing violation in
   /ids_tb/UUT/drop_fifo/XLXI_31/inst/  $recovery( CLKA:6.700 us, CLKB:6.700
   us,1.000 ns)

WARNING:Simulator:29 - at 6.800 us: Warning: Timing violation in
   /ids_tb/UUT/drop_fifo/XLXI_31/inst/  $recovery( CLKB:6.800 us, CLKA:6.800
   us,1.000 ns)

WARNING:Simulator:29 - at 6.800 us: Warning: Timing violation in
   /ids_tb/UUT/drop_fifo/XLXI_31/inst/  $recovery( CLKA:6.800 us, CLKB:6.800
   us,1.000 ns)

WARNING:Simulator:29 - at 6.900 us: Warning: Timing violation in
   /ids_tb/UUT/drop_fifo/XLXI_31/inst/  $recovery( CLKB:6.900 us, CLKA:6.900
   us,1.000 ns)

WARNING:Simulator:29 - at 6.900 us: Warning: Timing violation in
   /ids_tb/UUT/drop_fifo/XLXI_31/inst/  $recovery( CLKA:6.900 us, CLKB:6.900
   us,1.000 ns)

WARNING:Simulator:29 - at 7.000 us: Warning: Timing violation in
   /ids_tb/UUT/drop_fifo/XLXI_31/inst/  $recovery( CLKB:7.000 us, CLKA:7.000
   us,1.000 ns)

WARNING:Simulator:29 - at 7.000 us: Warning: Timing violation in
   /ids_tb/UUT/drop_fifo/XLXI_31/inst/  $recovery( CLKA:7.000 us, CLKB:7.000
   us,1.000 ns)

WARNING:Simulator:29 - at 7.100 us: Warning: Timing violation in
   /ids_tb/UUT/drop_fifo/XLXI_31/inst/  $recovery( CLKB:7.100 us, CLKA:7.100
   us,1.000 ns)

WARNING:Simulator:29 - at 7.100 us: Warning: Timing violation in
   /ids_tb/UUT/drop_fifo/XLXI_31/inst/  $recovery( CLKA:7.100 us, CLKB:7.100
   us,1.000 ns)

WARNING:Simulator:29 - at 7.200 us: Warning: Timing violation in
   /ids_tb/UUT/drop_fifo/XLXI_31/inst/  $recovery( CLKB:7.200 us, CLKA:7.200
   us,1.000 ns)

WARNING:Simulator:29 - at 7.200 us: Warning: Timing violation in
   /ids_tb/UUT/drop_fifo/XLXI_31/inst/  $recovery( CLKA:7.200 us, CLKB:7.200
   us,1.000 ns)

WARNING:Simulator:29 - at 7.300 us: Warning: Timing violation in
   /ids_tb/UUT/drop_fifo/XLXI_31/inst/  $recovery( CLKB:7.300 us, CLKA:7.300
   us,1.000 ns)

WARNING:Simulator:29 - at 7.300 us: Warning: Timing violation in
   /ids_tb/UUT/drop_fifo/XLXI_31/inst/  $recovery( CLKA:7.300 us, CLKB:7.300
   us,1.000 ns)

WARNING:Simulator:29 - at 7.400 us: Warning: Timing violation in
   /ids_tb/UUT/drop_fifo/XLXI_31/inst/  $recovery( CLKB:7.400 us, CLKA:7.400
   us,1.000 ns)

WARNING:Simulator:29 - at 7.400 us: Warning: Timing violation in
   /ids_tb/UUT/drop_fifo/XLXI_31/inst/  $recovery( CLKA:7.400 us, CLKB:7.400
   us,1.000 ns)

WARNING:Simulator:29 - at 7.500 us: Warning: Timing violation in
   /ids_tb/UUT/drop_fifo/XLXI_31/inst/  $recovery( CLKB:7.500 us, CLKA:7.500
   us,1.000 ns)

WARNING:Simulator:29 - at 7.500 us: Warning: Timing violation in
   /ids_tb/UUT/drop_fifo/XLXI_31/inst/  $recovery( CLKA:7.500 us, CLKB:7.500
   us,1.000 ns)

WARNING:Simulator:29 - at 7.600 us: Warning: Timing violation in
   /ids_tb/UUT/drop_fifo/XLXI_31/inst/  $recovery( CLKB:7.600 us, CLKA:7.600
   us,1.000 ns)

WARNING:Simulator:29 - at 7.600 us: Warning: Timing violation in
   /ids_tb/UUT/drop_fifo/XLXI_31/inst/  $recovery( CLKA:7.600 us, CLKB:7.600
   us,1.000 ns)

WARNING:Simulator:29 - at 7.700 us: Warning: Timing violation in
   /ids_tb/UUT/drop_fifo/XLXI_31/inst/  $recovery( CLKB:7.700 us, CLKA:7.700
   us,1.000 ns)

WARNING:Simulator:29 - at 7.700 us: Warning: Timing violation in
   /ids_tb/UUT/drop_fifo/XLXI_31/inst/  $recovery( CLKA:7.700 us, CLKB:7.700
   us,1.000 ns)

WARNING:Simulator:29 - at 7.800 us: Warning: Timing violation in
   /ids_tb/UUT/drop_fifo/XLXI_31/inst/  $recovery( CLKB:7.800 us, CLKA:7.800
   us,1.000 ns)

WARNING:Simulator:29 - at 7.800 us: Warning: Timing violation in
   /ids_tb/UUT/drop_fifo/XLXI_31/inst/  $recovery( CLKA:7.800 us, CLKB:7.800
   us,1.000 ns)

WARNING:Simulator:29 - at 7.900 us: Warning: Timing violation in
   /ids_tb/UUT/drop_fifo/XLXI_31/inst/  $recovery( CLKB:7.900 us, CLKA:7.900
   us,1.000 ns)

WARNING:Simulator:29 - at 7.900 us: Warning: Timing violation in
   /ids_tb/UUT/drop_fifo/XLXI_31/inst/  $recovery( CLKA:7.900 us, CLKB:7.900
   us,1.000 ns)

WARNING:Simulator:29 - at 8.000 us: Warning: Timing violation in
   /ids_tb/UUT/drop_fifo/XLXI_31/inst/  $recovery( CLKB:8.000 us, CLKA:8.000
   us,1.000 ns)

WARNING:Simulator:29 - at 8.000 us: Warning: Timing violation in
   /ids_tb/UUT/drop_fifo/XLXI_31/inst/  $recovery( CLKA:8.000 us, CLKB:8.000
   us,1.000 ns)

WARNING:Simulator:29 - at 8.100 us: Warning: Timing violation in
   /ids_tb/UUT/drop_fifo/XLXI_31/inst/  $recovery( CLKB:8.100 us, CLKA:8.100
   us,1.000 ns)

WARNING:Simulator:29 - at 8.100 us: Warning: Timing violation in
   /ids_tb/UUT/drop_fifo/XLXI_31/inst/  $recovery( CLKA:8.100 us, CLKB:8.100
   us,1.000 ns)

WARNING:Simulator:29 - at 8.200 us: Warning: Timing violation in
   /ids_tb/UUT/drop_fifo/XLXI_31/inst/  $recovery( CLKB:8.200 us, CLKA:8.200
   us,1.000 ns)

WARNING:Simulator:29 - at 8.200 us: Warning: Timing violation in
   /ids_tb/UUT/drop_fifo/XLXI_31/inst/  $recovery( CLKA:8.200 us, CLKB:8.200
   us,1.000 ns)

WARNING:Simulator:29 - at 8.300 us: Warning: Timing violation in
   /ids_tb/UUT/drop_fifo/XLXI_31/inst/  $recovery( CLKB:8.300 us, CLKA:8.300
   us,1.000 ns)

WARNING:Simulator:29 - at 8.300 us: Warning: Timing violation in
   /ids_tb/UUT/drop_fifo/XLXI_31/inst/  $recovery( CLKA:8.300 us, CLKB:8.300
   us,1.000 ns)

WARNING:Simulator:29 - at 8.400 us: Warning: Timing violation in
   /ids_tb/UUT/drop_fifo/XLXI_31/inst/  $recovery( CLKB:8.400 us, CLKA:8.400
   us,1.000 ns)

WARNING:Simulator:29 - at 8.400 us: Warning: Timing violation in
   /ids_tb/UUT/drop_fifo/XLXI_31/inst/  $recovery( CLKA:8.400 us, CLKB:8.400
   us,1.000 ns)

WARNING:Simulator:29 - at 8.500 us: Warning: Timing violation in
   /ids_tb/UUT/drop_fifo/XLXI_31/inst/  $recovery( CLKB:8.500 us, CLKA:8.500
   us,1.000 ns)

WARNING:Simulator:29 - at 8.500 us: Warning: Timing violation in
   /ids_tb/UUT/drop_fifo/XLXI_31/inst/  $recovery( CLKA:8.500 us, CLKB:8.500
   us,1.000 ns)

WARNING:Simulator:29 - at 8.600 us: Warning: Timing violation in
   /ids_tb/UUT/drop_fifo/XLXI_31/inst/  $recovery( CLKB:8.600 us, CLKA:8.600
   us,1.000 ns)

WARNING:Simulator:29 - at 8.600 us: Warning: Timing violation in
   /ids_tb/UUT/drop_fifo/XLXI_31/inst/  $recovery( CLKA:8.600 us, CLKB:8.600
   us,1.000 ns)

WARNING:Simulator:29 - at 8.700 us: Warning: Timing violation in
   /ids_tb/UUT/drop_fifo/XLXI_31/inst/  $recovery( CLKB:8.700 us, CLKA:8.700
   us,1.000 ns)

WARNING:Simulator:29 - at 8.700 us: Warning: Timing violation in
   /ids_tb/UUT/drop_fifo/XLXI_31/inst/  $recovery( CLKA:8.700 us, CLKB:8.700
   us,1.000 ns)

WARNING:Simulator:29 - at 8.800 us: Warning: Timing violation in
   /ids_tb/UUT/drop_fifo/XLXI_31/inst/  $recovery( CLKB:8.800 us, CLKA:8.800
   us,1.000 ns)

WARNING:Simulator:29 - at 8.800 us: Warning: Timing violation in
   /ids_tb/UUT/drop_fifo/XLXI_31/inst/  $recovery( CLKA:8.800 us, CLKB:8.800
   us,1.000 ns)

WARNING:Simulator:29 - at 8.900 us: Warning: Timing violation in
   /ids_tb/UUT/drop_fifo/XLXI_31/inst/  $recovery( CLKB:8.900 us, CLKA:8.900
   us,1.000 ns)

WARNING:Simulator:29 - at 8.900 us: Warning: Timing violation in
   /ids_tb/UUT/drop_fifo/XLXI_31/inst/  $recovery( CLKA:8.900 us, CLKB:8.900
   us,1.000 ns)

WARNING:Simulator:29 - at 9.000 us: Warning: Timing violation in
   /ids_tb/UUT/drop_fifo/XLXI_31/inst/  $recovery( CLKB:9.000 us, CLKA:9.000
   us,1.000 ns)

WARNING:Simulator:29 - at 9.000 us: Warning: Timing violation in
   /ids_tb/UUT/drop_fifo/XLXI_31/inst/  $recovery( CLKA:9.000 us, CLKB:9.000
   us,1.000 ns)

WARNING:Simulator:29 - at 9.100 us: Warning: Timing violation in
   /ids_tb/UUT/drop_fifo/XLXI_31/inst/  $recovery( CLKB:9.100 us, CLKA:9.100
   us,1.000 ns)

WARNING:Simulator:29 - at 9.100 us: Warning: Timing violation in
   /ids_tb/UUT/drop_fifo/XLXI_31/inst/  $recovery( CLKA:9.100 us, CLKB:9.100
   us,1.000 ns)

WARNING:Simulator:29 - at 9.200 us: Warning: Timing violation in
   /ids_tb/UUT/drop_fifo/XLXI_31/inst/  $recovery( CLKB:9.200 us, CLKA:9.200
   us,1.000 ns)

WARNING:Simulator:29 - at 9.200 us: Warning: Timing violation in
   /ids_tb/UUT/drop_fifo/XLXI_31/inst/  $recovery( CLKA:9.200 us, CLKB:9.200
   us,1.000 ns)

WARNING:Simulator:29 - at 9.300 us: Warning: Timing violation in
   /ids_tb/UUT/drop_fifo/XLXI_31/inst/  $recovery( CLKB:9.300 us, CLKA:9.300
   us,1.000 ns)

WARNING:Simulator:29 - at 9.300 us: Warning: Timing violation in
   /ids_tb/UUT/drop_fifo/XLXI_31/inst/  $recovery( CLKA:9.300 us, CLKB:9.300
   us,1.000 ns)

WARNING:Simulator:29 - at 9.400 us: Warning: Timing violation in
   /ids_tb/UUT/drop_fifo/XLXI_31/inst/  $recovery( CLKB:9.400 us, CLKA:9.400
   us,1.000 ns)

WARNING:Simulator:29 - at 9.400 us: Warning: Timing violation in
   /ids_tb/UUT/drop_fifo/XLXI_31/inst/  $recovery( CLKA:9.400 us, CLKB:9.400
   us,1.000 ns)

WARNING:Simulator:29 - at 9.500 us: Warning: Timing violation in
   /ids_tb/UUT/drop_fifo/XLXI_31/inst/  $recovery( CLKB:9.500 us, CLKA:9.500
   us,1.000 ns)

WARNING:Simulator:29 - at 9.500 us: Warning: Timing violation in
   /ids_tb/UUT/drop_fifo/XLXI_31/inst/  $recovery( CLKA:9.500 us, CLKB:9.500
   us,1.000 ns)

WARNING:Simulator:29 - at 9.600 us: Warning: Timing violation in
   /ids_tb/UUT/drop_fifo/XLXI_31/inst/  $recovery( CLKB:9.600 us, CLKA:9.600
   us,1.000 ns)

WARNING:Simulator:29 - at 9.600 us: Warning: Timing violation in
   /ids_tb/UUT/drop_fifo/XLXI_31/inst/  $recovery( CLKA:9.600 us, CLKB:9.600
   us,1.000 ns)

WARNING:Simulator:29 - at 9.700 us: Warning: Timing violation in
   /ids_tb/UUT/drop_fifo/XLXI_31/inst/  $recovery( CLKB:9.700 us, CLKA:9.700
   us,1.000 ns)

WARNING:Simulator:29 - at 9.700 us: Warning: Timing violation in
   /ids_tb/UUT/drop_fifo/XLXI_31/inst/  $recovery( CLKA:9.700 us, CLKB:9.700
   us,1.000 ns)

WARNING:Simulator:29 - at 9.800 us: Warning: Timing violation in
   /ids_tb/UUT/drop_fifo/XLXI_31/inst/  $recovery( CLKB:9.800 us, CLKA:9.800
   us,1.000 ns)

WARNING:Simulator:29 - at 9.800 us: Warning: Timing violation in
   /ids_tb/UUT/drop_fifo/XLXI_31/inst/  $recovery( CLKA:9.800 us, CLKB:9.800
   us,1.000 ns)

WARNING:Simulator:29 - at 9.900 us: Warning: Timing violation in
   /ids_tb/UUT/drop_fifo/XLXI_31/inst/  $recovery( CLKB:9.900 us, CLKA:9.900
   us,1.000 ns)

WARNING:Simulator:29 - at 9.900 us: Warning: Timing violation in
   /ids_tb/UUT/drop_fifo/XLXI_31/inst/  $recovery( CLKA:9.900 us, CLKB:9.900
   us,1.000 ns)

WARNING:Simulator:29 - at 10.000 us: Warning: Timing violation in
   /ids_tb/UUT/drop_fifo/XLXI_31/inst/  $recovery( CLKB:10.000 us, CLKA:10.000
   us,1.000 ns)

WARNING:Simulator:29 - at 10.000 us: Warning: Timing violation in
   /ids_tb/UUT/drop_fifo/XLXI_31/inst/  $recovery( CLKA:10.000 us, CLKB:10.000
   us,1.000 ns)

WARNING:Simulator:29 - at 10.100 us: Warning: Timing violation in
   /ids_tb/UUT/drop_fifo/XLXI_31/inst/  $recovery( CLKB:10.100 us, CLKA:10.100
   us,1.000 ns)

WARNING:Simulator:29 - at 10.100 us: Warning: Timing violation in
   /ids_tb/UUT/drop_fifo/XLXI_31/inst/  $recovery( CLKA:10.100 us, CLKB:10.100
   us,1.000 ns)

WARNING:Simulator:29 - at 10.200 us: Warning: Timing violation in
   /ids_tb/UUT/drop_fifo/XLXI_31/inst/  $recovery( CLKB:10.200 us, CLKA:10.200
   us,1.000 ns)

WARNING:Simulator:29 - at 10.200 us: Warning: Timing violation in
   /ids_tb/UUT/drop_fifo/XLXI_31/inst/  $recovery( CLKA:10.200 us, CLKB:10.200
   us,1.000 ns)

WARNING:Simulator:29 - at 10.300 us: Warning: Timing violation in
   /ids_tb/UUT/drop_fifo/XLXI_31/inst/  $recovery( CLKB:10.300 us, CLKA:10.300
   us,1.000 ns)

WARNING:Simulator:29 - at 10.300 us: Warning: Timing violation in
   /ids_tb/UUT/drop_fifo/XLXI_31/inst/  $recovery( CLKA:10.300 us, CLKB:10.300
   us,1.000 ns)

WARNING:Simulator:29 - at 10.400 us: Warning: Timing violation in
   /ids_tb/UUT/drop_fifo/XLXI_31/inst/  $recovery( CLKB:10.400 us, CLKA:10.400
   us,1.000 ns)

WARNING:Simulator:29 - at 10.400 us: Warning: Timing violation in
   /ids_tb/UUT/drop_fifo/XLXI_31/inst/  $recovery( CLKA:10.400 us, CLKB:10.400
   us,1.000 ns)

WARNING:Simulator:29 - at 10.500 us: Warning: Timing violation in
   /ids_tb/UUT/drop_fifo/XLXI_31/inst/  $recovery( CLKB:10.500 us, CLKA:10.500
   us,1.000 ns)

WARNING:Simulator:29 - at 10.500 us: Warning: Timing violation in
   /ids_tb/UUT/drop_fifo/XLXI_31/inst/  $recovery( CLKA:10.500 us, CLKB:10.500
   us,1.000 ns)

WARNING:Simulator:29 - at 10.600 us: Warning: Timing violation in
   /ids_tb/UUT/drop_fifo/XLXI_31/inst/  $recovery( CLKB:10.600 us, CLKA:10.600
   us,1.000 ns)

WARNING:Simulator:29 - at 10.600 us: Warning: Timing violation in
   /ids_tb/UUT/drop_fifo/XLXI_31/inst/  $recovery( CLKA:10.600 us, CLKB:10.600
   us,1.000 ns)

WARNING:Simulator:29 - at 10.700 us: Warning: Timing violation in
   /ids_tb/UUT/drop_fifo/XLXI_31/inst/  $recovery( CLKB:10.700 us, CLKA:10.700
   us,1.000 ns)

WARNING:Simulator:29 - at 10.700 us: Warning: Timing violation in
   /ids_tb/UUT/drop_fifo/XLXI_31/inst/  $recovery( CLKA:10.700 us, CLKB:10.700
   us,1.000 ns)

WARNING:Simulator:29 - at 10.800 us: Warning: Timing violation in
   /ids_tb/UUT/drop_fifo/XLXI_31/inst/  $recovery( CLKB:10.800 us, CLKA:10.800
   us,1.000 ns)

WARNING:Simulator:29 - at 10.800 us: Warning: Timing violation in
   /ids_tb/UUT/drop_fifo/XLXI_31/inst/  $recovery( CLKA:10.800 us, CLKB:10.800
   us,1.000 ns)

WARNING:Simulator:29 - at 10.900 us: Warning: Timing violation in
   /ids_tb/UUT/drop_fifo/XLXI_31/inst/  $recovery( CLKB:10.900 us, CLKA:10.900
   us,1.000 ns)

WARNING:Simulator:29 - at 10.900 us: Warning: Timing violation in
   /ids_tb/UUT/drop_fifo/XLXI_31/inst/  $recovery( CLKA:10.900 us, CLKB:10.900
   us,1.000 ns)

WARNING:Simulator:29 - at 11.000 us: Warning: Timing violation in
   /ids_tb/UUT/drop_fifo/XLXI_31/inst/  $recovery( CLKB:11.000 us, CLKA:11.000
   us,1.000 ns)

WARNING:Simulator:29 - at 11.000 us: Warning: Timing violation in
   /ids_tb/UUT/drop_fifo/XLXI_31/inst/  $recovery( CLKA:11.000 us, CLKB:11.000
   us,1.000 ns)

WARNING:Simulator:29 - at 11.100 us: Warning: Timing violation in
   /ids_tb/UUT/drop_fifo/XLXI_31/inst/  $recovery( CLKB:11.100 us, CLKA:11.100
   us,1.000 ns)

WARNING:Simulator:29 - at 11.100 us: Warning: Timing violation in
   /ids_tb/UUT/drop_fifo/XLXI_31/inst/  $recovery( CLKA:11.100 us, CLKB:11.100
   us,1.000 ns)

WARNING:Simulator:29 - at 11.200 us: Warning: Timing violation in
   /ids_tb/UUT/drop_fifo/XLXI_31/inst/  $recovery( CLKB:11.200 us, CLKA:11.200
   us,1.000 ns)

WARNING:Simulator:29 - at 11.200 us: Warning: Timing violation in
   /ids_tb/UUT/drop_fifo/XLXI_31/inst/  $recovery( CLKA:11.200 us, CLKB:11.200
   us,1.000 ns)

WARNING:Simulator:29 - at 11.300 us: Warning: Timing violation in
   /ids_tb/UUT/drop_fifo/XLXI_31/inst/  $recovery( CLKB:11.300 us, CLKA:11.300
   us,1.000 ns)

WARNING:Simulator:29 - at 11.300 us: Warning: Timing violation in
   /ids_tb/UUT/drop_fifo/XLXI_31/inst/  $recovery( CLKA:11.300 us, CLKB:11.300
   us,1.000 ns)

WARNING:Simulator:29 - at 11.400 us: Warning: Timing violation in
   /ids_tb/UUT/drop_fifo/XLXI_31/inst/  $recovery( CLKB:11.400 us, CLKA:11.400
   us,1.000 ns)

WARNING:Simulator:29 - at 11.400 us: Warning: Timing violation in
   /ids_tb/UUT/drop_fifo/XLXI_31/inst/  $recovery( CLKA:11.400 us, CLKB:11.400
   us,1.000 ns)

WARNING:Simulator:29 - at 11.500 us: Warning: Timing violation in
   /ids_tb/UUT/drop_fifo/XLXI_31/inst/  $recovery( CLKB:11.500 us, CLKA:11.500
   us,1.000 ns)

WARNING:Simulator:29 - at 11.500 us: Warning: Timing violation in
   /ids_tb/UUT/drop_fifo/XLXI_31/inst/  $recovery( CLKA:11.500 us, CLKB:11.500
   us,1.000 ns)

WARNING:Simulator:29 - at 11.600 us: Warning: Timing violation in
   /ids_tb/UUT/drop_fifo/XLXI_31/inst/  $recovery( CLKB:11.600 us, CLKA:11.600
   us,1.000 ns)

WARNING:Simulator:29 - at 11.600 us: Warning: Timing violation in
   /ids_tb/UUT/drop_fifo/XLXI_31/inst/  $recovery( CLKA:11.600 us, CLKB:11.600
   us,1.000 ns)

WARNING:Simulator:29 - at 11.700 us: Warning: Timing violation in
   /ids_tb/UUT/drop_fifo/XLXI_31/inst/  $recovery( CLKB:11.700 us, CLKA:11.700
   us,1.000 ns)

WARNING:Simulator:29 - at 11.700 us: Warning: Timing violation in
   /ids_tb/UUT/drop_fifo/XLXI_31/inst/  $recovery( CLKA:11.700 us, CLKB:11.700
   us,1.000 ns)

WARNING:Simulator:29 - at 11.800 us: Warning: Timing violation in
   /ids_tb/UUT/drop_fifo/XLXI_31/inst/  $recovery( CLKB:11.800 us, CLKA:11.800
   us,1.000 ns)

WARNING:Simulator:29 - at 11.800 us: Warning: Timing violation in
   /ids_tb/UUT/drop_fifo/XLXI_31/inst/  $recovery( CLKA:11.800 us, CLKB:11.800
   us,1.000 ns)

WARNING:Simulator:29 - at 11.900 us: Warning: Timing violation in
   /ids_tb/UUT/drop_fifo/XLXI_31/inst/  $recovery( CLKB:11.900 us, CLKA:11.900
   us,1.000 ns)

WARNING:Simulator:29 - at 11.900 us: Warning: Timing violation in
   /ids_tb/UUT/drop_fifo/XLXI_31/inst/  $recovery( CLKA:11.900 us, CLKB:11.900
   us,1.000 ns)

WARNING:Simulator:29 - at 12.000 us: Warning: Timing violation in
   /ids_tb/UUT/drop_fifo/XLXI_31/inst/  $recovery( CLKB:12.000 us, CLKA:12.000
   us,1.000 ns)

WARNING:Simulator:29 - at 12.000 us: Warning: Timing violation in
   /ids_tb/UUT/drop_fifo/XLXI_31/inst/  $recovery( CLKA:12.000 us, CLKB:12.000
   us,1.000 ns)

WARNING:Simulator:29 - at 12.100 us: Warning: Timing violation in
   /ids_tb/UUT/drop_fifo/XLXI_31/inst/  $recovery( CLKB:12.100 us, CLKA:12.100
   us,1.000 ns)

WARNING:Simulator:29 - at 12.100 us: Warning: Timing violation in
   /ids_tb/UUT/drop_fifo/XLXI_31/inst/  $recovery( CLKA:12.100 us, CLKB:12.100
   us,1.000 ns)

WARNING:Simulator:29 - at 12.200 us: Warning: Timing violation in
   /ids_tb/UUT/drop_fifo/XLXI_31/inst/  $recovery( CLKB:12.200 us, CLKA:12.200
   us,1.000 ns)

WARNING:Simulator:29 - at 12.200 us: Warning: Timing violation in
   /ids_tb/UUT/drop_fifo/XLXI_31/inst/  $recovery( CLKA:12.200 us, CLKB:12.200
   us,1.000 ns)

WARNING:Simulator:29 - at 12.300 us: Warning: Timing violation in
   /ids_tb/UUT/drop_fifo/XLXI_31/inst/  $recovery( CLKB:12.300 us, CLKA:12.300
   us,1.000 ns)

WARNING:Simulator:29 - at 12.300 us: Warning: Timing violation in
   /ids_tb/UUT/drop_fifo/XLXI_31/inst/  $recovery( CLKA:12.300 us, CLKB:12.300
   us,1.000 ns)

WARNING:Simulator:29 - at 12.400 us: Warning: Timing violation in
   /ids_tb/UUT/drop_fifo/XLXI_31/inst/  $recovery( CLKB:12.400 us, CLKA:12.400
   us,1.000 ns)

WARNING:Simulator:29 - at 12.400 us: Warning: Timing violation in
   /ids_tb/UUT/drop_fifo/XLXI_31/inst/  $recovery( CLKA:12.400 us, CLKB:12.400
   us,1.000 ns)

WARNING:Simulator:29 - at 12.500 us: Warning: Timing violation in
   /ids_tb/UUT/drop_fifo/XLXI_31/inst/  $recovery( CLKB:12.500 us, CLKA:12.500
   us,1.000 ns)

WARNING:Simulator:29 - at 12.500 us: Warning: Timing violation in
   /ids_tb/UUT/drop_fifo/XLXI_31/inst/  $recovery( CLKA:12.500 us, CLKB:12.500
   us,1.000 ns)

WARNING:Simulator:29 - at 12.600 us: Warning: Timing violation in
   /ids_tb/UUT/drop_fifo/XLXI_31/inst/  $recovery( CLKB:12.600 us, CLKA:12.600
   us,1.000 ns)

WARNING:Simulator:29 - at 12.600 us: Warning: Timing violation in
   /ids_tb/UUT/drop_fifo/XLXI_31/inst/  $recovery( CLKA:12.600 us, CLKB:12.600
   us,1.000 ns)

WARNING:Simulator:29 - at 12.700 us: Warning: Timing violation in
   /ids_tb/UUT/drop_fifo/XLXI_31/inst/  $recovery( CLKB:12.700 us, CLKA:12.700
   us,1.000 ns)

WARNING:Simulator:29 - at 12.700 us: Warning: Timing violation in
   /ids_tb/UUT/drop_fifo/XLXI_31/inst/  $recovery( CLKA:12.700 us, CLKB:12.700
   us,1.000 ns)

WARNING:Simulator:29 - at 12.800 us: Warning: Timing violation in
   /ids_tb/UUT/drop_fifo/XLXI_31/inst/  $recovery( CLKB:12.800 us, CLKA:12.800
   us,1.000 ns)

WARNING:Simulator:29 - at 12.800 us: Warning: Timing violation in
   /ids_tb/UUT/drop_fifo/XLXI_31/inst/  $recovery( CLKA:12.800 us, CLKB:12.800
   us,1.000 ns)

WARNING:Simulator:29 - at 12.900 us: Warning: Timing violation in
   /ids_tb/UUT/drop_fifo/XLXI_31/inst/  $recovery( CLKB:12.900 us, CLKA:12.900
   us,1.000 ns)

WARNING:Simulator:29 - at 12.900 us: Warning: Timing violation in
   /ids_tb/UUT/drop_fifo/XLXI_31/inst/  $recovery( CLKA:12.900 us, CLKB:12.900
   us,1.000 ns)

WARNING:Simulator:29 - at 13.000 us: Warning: Timing violation in
   /ids_tb/UUT/drop_fifo/XLXI_31/inst/  $recovery( CLKB:13.000 us, CLKA:13.000
   us,1.000 ns)

WARNING:Simulator:29 - at 13.000 us: Warning: Timing violation in
   /ids_tb/UUT/drop_fifo/XLXI_31/inst/  $recovery( CLKA:13.000 us, CLKB:13.000
   us,1.000 ns)

WARNING:Simulator:29 - at 13.100 us: Warning: Timing violation in
   /ids_tb/UUT/drop_fifo/XLXI_31/inst/  $recovery( CLKB:13.100 us, CLKA:13.100
   us,1.000 ns)

WARNING:Simulator:29 - at 13.100 us: Warning: Timing violation in
   /ids_tb/UUT/drop_fifo/XLXI_31/inst/  $recovery( CLKA:13.100 us, CLKB:13.100
   us,1.000 ns)

WARNING:Simulator:29 - at 13.200 us: Warning: Timing violation in
   /ids_tb/UUT/drop_fifo/XLXI_31/inst/  $recovery( CLKB:13.200 us, CLKA:13.200
   us,1.000 ns)

WARNING:Simulator:29 - at 13.200 us: Warning: Timing violation in
   /ids_tb/UUT/drop_fifo/XLXI_31/inst/  $recovery( CLKA:13.200 us, CLKB:13.200
   us,1.000 ns)

WARNING:Simulator:29 - at 13.300 us: Warning: Timing violation in
   /ids_tb/UUT/drop_fifo/XLXI_31/inst/  $recovery( CLKB:13.300 us, CLKA:13.300
   us,1.000 ns)

WARNING:Simulator:29 - at 13.300 us: Warning: Timing violation in
   /ids_tb/UUT/drop_fifo/XLXI_31/inst/  $recovery( CLKA:13.300 us, CLKB:13.300
   us,1.000 ns)

WARNING:Simulator:29 - at 13.400 us: Warning: Timing violation in
   /ids_tb/UUT/drop_fifo/XLXI_31/inst/  $recovery( CLKB:13.400 us, CLKA:13.400
   us,1.000 ns)

WARNING:Simulator:29 - at 13.400 us: Warning: Timing violation in
   /ids_tb/UUT/drop_fifo/XLXI_31/inst/  $recovery( CLKA:13.400 us, CLKB:13.400
   us,1.000 ns)

WARNING:Simulator:29 - at 13.500 us: Warning: Timing violation in
   /ids_tb/UUT/drop_fifo/XLXI_31/inst/  $recovery( CLKB:13.500 us, CLKA:13.500
   us,1.000 ns)

WARNING:Simulator:29 - at 13.500 us: Warning: Timing violation in
   /ids_tb/UUT/drop_fifo/XLXI_31/inst/  $recovery( CLKA:13.500 us, CLKB:13.500
   us,1.000 ns)

WARNING:Simulator:29 - at 13.600 us: Warning: Timing violation in
   /ids_tb/UUT/drop_fifo/XLXI_31/inst/  $recovery( CLKB:13.600 us, CLKA:13.600
   us,1.000 ns)

WARNING:Simulator:29 - at 13.600 us: Warning: Timing violation in
   /ids_tb/UUT/drop_fifo/XLXI_31/inst/  $recovery( CLKA:13.600 us, CLKB:13.600
   us,1.000 ns)

WARNING:Simulator:29 - at 13.700 us: Warning: Timing violation in
   /ids_tb/UUT/drop_fifo/XLXI_31/inst/  $recovery( CLKB:13.700 us, CLKA:13.700
   us,1.000 ns)

WARNING:Simulator:29 - at 13.700 us: Warning: Timing violation in
   /ids_tb/UUT/drop_fifo/XLXI_31/inst/  $recovery( CLKA:13.700 us, CLKB:13.700
   us,1.000 ns)

WARNING:Simulator:29 - at 13.800 us: Warning: Timing violation in
   /ids_tb/UUT/drop_fifo/XLXI_31/inst/  $recovery( CLKB:13.800 us, CLKA:13.800
   us,1.000 ns)

WARNING:Simulator:29 - at 13.800 us: Warning: Timing violation in
   /ids_tb/UUT/drop_fifo/XLXI_31/inst/  $recovery( CLKA:13.800 us, CLKB:13.800
   us,1.000 ns)

WARNING:Simulator:29 - at 13.900 us: Warning: Timing violation in
   /ids_tb/UUT/drop_fifo/XLXI_31/inst/  $recovery( CLKB:13.900 us, CLKA:13.900
   us,1.000 ns)

WARNING:Simulator:29 - at 13.900 us: Warning: Timing violation in
   /ids_tb/UUT/drop_fifo/XLXI_31/inst/  $recovery( CLKA:13.900 us, CLKB:13.900
   us,1.000 ns)

WARNING:Simulator:29 - at 14.000 us: Warning: Timing violation in
   /ids_tb/UUT/drop_fifo/XLXI_31/inst/  $recovery( CLKB:14.000 us, CLKA:14.000
   us,1.000 ns)

WARNING:Simulator:29 - at 14.000 us: Warning: Timing violation in
   /ids_tb/UUT/drop_fifo/XLXI_31/inst/  $recovery( CLKA:14.000 us, CLKB:14.000
   us,1.000 ns)

WARNING:Simulator:29 - at 14.100 us: Warning: Timing violation in
   /ids_tb/UUT/drop_fifo/XLXI_31/inst/  $recovery( CLKB:14.100 us, CLKA:14.100
   us,1.000 ns)

WARNING:Simulator:29 - at 14.100 us: Warning: Timing violation in
   /ids_tb/UUT/drop_fifo/XLXI_31/inst/  $recovery( CLKA:14.100 us, CLKB:14.100
   us,1.000 ns)

WARNING:Simulator:29 - at 14.200 us: Warning: Timing violation in
   /ids_tb/UUT/drop_fifo/XLXI_31/inst/  $recovery( CLKB:14.200 us, CLKA:14.200
   us,1.000 ns)

WARNING:Simulator:29 - at 14.200 us: Warning: Timing violation in
   /ids_tb/UUT/drop_fifo/XLXI_31/inst/  $recovery( CLKA:14.200 us, CLKB:14.200
   us,1.000 ns)

WARNING:Simulator:29 - at 14.300 us: Warning: Timing violation in
   /ids_tb/UUT/drop_fifo/XLXI_31/inst/  $recovery( CLKB:14.300 us, CLKA:14.300
   us,1.000 ns)

WARNING:Simulator:29 - at 14.300 us: Warning: Timing violation in
   /ids_tb/UUT/drop_fifo/XLXI_31/inst/  $recovery( CLKA:14.300 us, CLKB:14.300
   us,1.000 ns)

WARNING:Simulator:29 - at 14.400 us: Warning: Timing violation in
   /ids_tb/UUT/drop_fifo/XLXI_31/inst/  $recovery( CLKB:14.400 us, CLKA:14.400
   us,1.000 ns)

WARNING:Simulator:29 - at 14.400 us: Warning: Timing violation in
   /ids_tb/UUT/drop_fifo/XLXI_31/inst/  $recovery( CLKA:14.400 us, CLKB:14.400
   us,1.000 ns)

WARNING:Simulator:29 - at 14.500 us: Warning: Timing violation in
   /ids_tb/UUT/drop_fifo/XLXI_31/inst/  $recovery( CLKB:14.500 us, CLKA:14.500
   us,1.000 ns)

WARNING:Simulator:29 - at 14.500 us: Warning: Timing violation in
   /ids_tb/UUT/drop_fifo/XLXI_31/inst/  $recovery( CLKA:14.500 us, CLKB:14.500
   us,1.000 ns)

WARNING:Simulator:29 - at 14.600 us: Warning: Timing violation in
   /ids_tb/UUT/drop_fifo/XLXI_31/inst/  $recovery( CLKB:14.600 us, CLKA:14.600
   us,1.000 ns)

WARNING:Simulator:29 - at 14.600 us: Warning: Timing violation in
   /ids_tb/UUT/drop_fifo/XLXI_31/inst/  $recovery( CLKA:14.600 us, CLKB:14.600
   us,1.000 ns)

WARNING:Simulator:29 - at 14.700 us: Warning: Timing violation in
   /ids_tb/UUT/drop_fifo/XLXI_31/inst/  $recovery( CLKB:14.700 us, CLKA:14.700
   us,1.000 ns)

WARNING:Simulator:29 - at 14.700 us: Warning: Timing violation in
   /ids_tb/UUT/drop_fifo/XLXI_31/inst/  $recovery( CLKA:14.700 us, CLKB:14.700
   us,1.000 ns)

WARNING:Simulator:29 - at 14.800 us: Warning: Timing violation in
   /ids_tb/UUT/drop_fifo/XLXI_31/inst/  $recovery( CLKB:14.800 us, CLKA:14.800
   us,1.000 ns)

WARNING:Simulator:29 - at 14.800 us: Warning: Timing violation in
   /ids_tb/UUT/drop_fifo/XLXI_31/inst/  $recovery( CLKA:14.800 us, CLKB:14.800
   us,1.000 ns)

WARNING:Simulator:29 - at 14.900 us: Warning: Timing violation in
   /ids_tb/UUT/drop_fifo/XLXI_31/inst/  $recovery( CLKB:14.900 us, CLKA:14.900
   us,1.000 ns)

WARNING:Simulator:29 - at 14.900 us: Warning: Timing violation in
   /ids_tb/UUT/drop_fifo/XLXI_31/inst/  $recovery( CLKA:14.900 us, CLKB:14.900
   us,1.000 ns)

WARNING:Simulator:29 - at 15.000 us: Warning: Timing violation in
   /ids_tb/UUT/drop_fifo/XLXI_31/inst/  $recovery( CLKB:15.000 us, CLKA:15.000
   us,1.000 ns)

WARNING:Simulator:29 - at 15.000 us: Warning: Timing violation in
   /ids_tb/UUT/drop_fifo/XLXI_31/inst/  $recovery( CLKA:15.000 us, CLKB:15.000
   us,1.000 ns)

WARNING:Simulator:29 - at 15.100 us: Warning: Timing violation in
   /ids_tb/UUT/drop_fifo/XLXI_31/inst/  $recovery( CLKB:15.100 us, CLKA:15.100
   us,1.000 ns)

WARNING:Simulator:29 - at 15.100 us: Warning: Timing violation in
   /ids_tb/UUT/drop_fifo/XLXI_31/inst/  $recovery( CLKA:15.100 us, CLKB:15.100
   us,1.000 ns)

WARNING:Simulator:29 - at 15.200 us: Warning: Timing violation in
   /ids_tb/UUT/drop_fifo/XLXI_31/inst/  $recovery( CLKB:15.200 us, CLKA:15.200
   us,1.000 ns)

WARNING:Simulator:29 - at 15.200 us: Warning: Timing violation in
   /ids_tb/UUT/drop_fifo/XLXI_31/inst/  $recovery( CLKA:15.200 us, CLKB:15.200
   us,1.000 ns)

WARNING:Simulator:29 - at 15.300 us: Warning: Timing violation in
   /ids_tb/UUT/drop_fifo/XLXI_31/inst/  $recovery( CLKB:15.300 us, CLKA:15.300
   us,1.000 ns)

WARNING:Simulator:29 - at 15.300 us: Warning: Timing violation in
   /ids_tb/UUT/drop_fifo/XLXI_31/inst/  $recovery( CLKA:15.300 us, CLKB:15.300
   us,1.000 ns)

WARNING:Simulator:29 - at 15.400 us: Warning: Timing violation in
   /ids_tb/UUT/drop_fifo/XLXI_31/inst/  $recovery( CLKB:15.400 us, CLKA:15.400
   us,1.000 ns)

WARNING:Simulator:29 - at 15.400 us: Warning: Timing violation in
   /ids_tb/UUT/drop_fifo/XLXI_31/inst/  $recovery( CLKA:15.400 us, CLKB:15.400
   us,1.000 ns)

WARNING:Simulator:29 - at 15.500 us: Warning: Timing violation in
   /ids_tb/UUT/drop_fifo/XLXI_31/inst/  $recovery( CLKB:15.500 us, CLKA:15.500
   us,1.000 ns)

WARNING:Simulator:29 - at 15.500 us: Warning: Timing violation in
   /ids_tb/UUT/drop_fifo/XLXI_31/inst/  $recovery( CLKA:15.500 us, CLKB:15.500
   us,1.000 ns)

WARNING:Simulator:29 - at 15.600 us: Warning: Timing violation in
   /ids_tb/UUT/drop_fifo/XLXI_31/inst/  $recovery( CLKB:15.600 us, CLKA:15.600
   us,1.000 ns)

WARNING:Simulator:29 - at 15.600 us: Warning: Timing violation in
   /ids_tb/UUT/drop_fifo/XLXI_31/inst/  $recovery( CLKA:15.600 us, CLKB:15.600
   us,1.000 ns)

WARNING:Simulator:29 - at 15.700 us: Warning: Timing violation in
   /ids_tb/UUT/drop_fifo/XLXI_31/inst/  $recovery( CLKB:15.700 us, CLKA:15.700
   us,1.000 ns)

WARNING:Simulator:29 - at 15.700 us: Warning: Timing violation in
   /ids_tb/UUT/drop_fifo/XLXI_31/inst/  $recovery( CLKA:15.700 us, CLKB:15.700
   us,1.000 ns)

WARNING:Simulator:29 - at 15.800 us: Warning: Timing violation in
   /ids_tb/UUT/drop_fifo/XLXI_31/inst/  $recovery( CLKB:15.800 us, CLKA:15.800
   us,1.000 ns)

WARNING:Simulator:29 - at 15.800 us: Warning: Timing violation in
   /ids_tb/UUT/drop_fifo/XLXI_31/inst/  $recovery( CLKA:15.800 us, CLKB:15.800
   us,1.000 ns)

WARNING:Simulator:29 - at 15.900 us: Warning: Timing violation in
   /ids_tb/UUT/drop_fifo/XLXI_31/inst/  $recovery( CLKB:15.900 us, CLKA:15.900
   us,1.000 ns)

WARNING:Simulator:29 - at 15.900 us: Warning: Timing violation in
   /ids_tb/UUT/drop_fifo/XLXI_31/inst/  $recovery( CLKA:15.900 us, CLKB:15.900
   us,1.000 ns)

WARNING:Simulator:29 - at 16.000 us: Warning: Timing violation in
   /ids_tb/UUT/drop_fifo/XLXI_31/inst/  $recovery( CLKB:16.000 us, CLKA:16.000
   us,1.000 ns)

WARNING:Simulator:29 - at 16.000 us: Warning: Timing violation in
   /ids_tb/UUT/drop_fifo/XLXI_31/inst/  $recovery( CLKA:16.000 us, CLKB:16.000
   us,1.000 ns)

WARNING:Simulator:29 - at 16.100 us: Warning: Timing violation in
   /ids_tb/UUT/drop_fifo/XLXI_31/inst/  $recovery( CLKB:16.100 us, CLKA:16.100
   us,1.000 ns)

WARNING:Simulator:29 - at 16.100 us: Warning: Timing violation in
   /ids_tb/UUT/drop_fifo/XLXI_31/inst/  $recovery( CLKA:16.100 us, CLKB:16.100
   us,1.000 ns)

WARNING:Simulator:29 - at 16.200 us: Warning: Timing violation in
   /ids_tb/UUT/drop_fifo/XLXI_31/inst/  $recovery( CLKB:16.200 us, CLKA:16.200
   us,1.000 ns)

WARNING:Simulator:29 - at 16.200 us: Warning: Timing violation in
   /ids_tb/UUT/drop_fifo/XLXI_31/inst/  $recovery( CLKA:16.200 us, CLKB:16.200
   us,1.000 ns)

WARNING:Simulator:29 - at 16.300 us: Warning: Timing violation in
   /ids_tb/UUT/drop_fifo/XLXI_31/inst/  $recovery( CLKB:16.300 us, CLKA:16.300
   us,1.000 ns)

WARNING:Simulator:29 - at 16.300 us: Warning: Timing violation in
   /ids_tb/UUT/drop_fifo/XLXI_31/inst/  $recovery( CLKA:16.300 us, CLKB:16.300
   us,1.000 ns)

WARNING:Simulator:29 - at 16.400 us: Warning: Timing violation in
   /ids_tb/UUT/drop_fifo/XLXI_31/inst/  $recovery( CLKB:16.400 us, CLKA:16.400
   us,1.000 ns)

WARNING:Simulator:29 - at 16.400 us: Warning: Timing violation in
   /ids_tb/UUT/drop_fifo/XLXI_31/inst/  $recovery( CLKA:16.400 us, CLKB:16.400
   us,1.000 ns)

WARNING:Simulator:29 - at 16.500 us: Warning: Timing violation in
   /ids_tb/UUT/drop_fifo/XLXI_31/inst/  $recovery( CLKB:16.500 us, CLKA:16.500
   us,1.000 ns)

WARNING:Simulator:29 - at 16.500 us: Warning: Timing violation in
   /ids_tb/UUT/drop_fifo/XLXI_31/inst/  $recovery( CLKA:16.500 us, CLKB:16.500
   us,1.000 ns)

WARNING:Simulator:29 - at 16.600 us: Warning: Timing violation in
   /ids_tb/UUT/drop_fifo/XLXI_31/inst/  $recovery( CLKB:16.600 us, CLKA:16.600
   us,1.000 ns)

WARNING:Simulator:29 - at 16.600 us: Warning: Timing violation in
   /ids_tb/UUT/drop_fifo/XLXI_31/inst/  $recovery( CLKA:16.600 us, CLKB:16.600
   us,1.000 ns)

WARNING:Simulator:29 - at 16.700 us: Warning: Timing violation in
   /ids_tb/UUT/drop_fifo/XLXI_31/inst/  $recovery( CLKB:16.700 us, CLKA:16.700
   us,1.000 ns)

WARNING:Simulator:29 - at 16.700 us: Warning: Timing violation in
   /ids_tb/UUT/drop_fifo/XLXI_31/inst/  $recovery( CLKA:16.700 us, CLKB:16.700
   us,1.000 ns)

WARNING:Simulator:29 - at 16.800 us: Warning: Timing violation in
   /ids_tb/UUT/drop_fifo/XLXI_31/inst/  $recovery( CLKB:16.800 us, CLKA:16.800
   us,1.000 ns)

WARNING:Simulator:29 - at 16.800 us: Warning: Timing violation in
   /ids_tb/UUT/drop_fifo/XLXI_31/inst/  $recovery( CLKA:16.800 us, CLKB:16.800
   us,1.000 ns)

WARNING:Simulator:29 - at 16.900 us: Warning: Timing violation in
   /ids_tb/UUT/drop_fifo/XLXI_31/inst/  $recovery( CLKB:16.900 us, CLKA:16.900
   us,1.000 ns)

WARNING:Simulator:29 - at 16.900 us: Warning: Timing violation in
   /ids_tb/UUT/drop_fifo/XLXI_31/inst/  $recovery( CLKA:16.900 us, CLKB:16.900
   us,1.000 ns)

WARNING:Simulator:29 - at 17.000 us: Warning: Timing violation in
   /ids_tb/UUT/drop_fifo/XLXI_31/inst/  $recovery( CLKB:17.000 us, CLKA:17.000
   us,1.000 ns)

WARNING:Simulator:29 - at 17.000 us: Warning: Timing violation in
   /ids_tb/UUT/drop_fifo/XLXI_31/inst/  $recovery( CLKA:17.000 us, CLKB:17.000
   us,1.000 ns)

WARNING:Simulator:29 - at 17.100 us: Warning: Timing violation in
   /ids_tb/UUT/drop_fifo/XLXI_31/inst/  $recovery( CLKB:17.100 us, CLKA:17.100
   us,1.000 ns)

WARNING:Simulator:29 - at 17.100 us: Warning: Timing violation in
   /ids_tb/UUT/drop_fifo/XLXI_31/inst/  $recovery( CLKA:17.100 us, CLKB:17.100
   us,1.000 ns)

WARNING:Simulator:29 - at 17.200 us: Warning: Timing violation in
   /ids_tb/UUT/drop_fifo/XLXI_31/inst/  $recovery( CLKB:17.200 us, CLKA:17.200
   us,1.000 ns)

WARNING:Simulator:29 - at 17.200 us: Warning: Timing violation in
   /ids_tb/UUT/drop_fifo/XLXI_31/inst/  $recovery( CLKA:17.200 us, CLKB:17.200
   us,1.000 ns)

WARNING:Simulator:29 - at 17.300 us: Warning: Timing violation in
   /ids_tb/UUT/drop_fifo/XLXI_31/inst/  $recovery( CLKB:17.300 us, CLKA:17.300
   us,1.000 ns)

WARNING:Simulator:29 - at 17.300 us: Warning: Timing violation in
   /ids_tb/UUT/drop_fifo/XLXI_31/inst/  $recovery( CLKA:17.300 us, CLKB:17.300
   us,1.000 ns)

WARNING:Simulator:29 - at 17.400 us: Warning: Timing violation in
   /ids_tb/UUT/drop_fifo/XLXI_31/inst/  $recovery( CLKB:17.400 us, CLKA:17.400
   us,1.000 ns)

WARNING:Simulator:29 - at 17.400 us: Warning: Timing violation in
   /ids_tb/UUT/drop_fifo/XLXI_31/inst/  $recovery( CLKA:17.400 us, CLKB:17.400
   us,1.000 ns)

WARNING:Simulator:29 - at 17.500 us: Warning: Timing violation in
   /ids_tb/UUT/drop_fifo/XLXI_31/inst/  $recovery( CLKB:17.500 us, CLKA:17.500
   us,1.000 ns)

WARNING:Simulator:29 - at 17.500 us: Warning: Timing violation in
   /ids_tb/UUT/drop_fifo/XLXI_31/inst/  $recovery( CLKA:17.500 us, CLKB:17.500
   us,1.000 ns)

WARNING:Simulator:29 - at 17.600 us: Warning: Timing violation in
   /ids_tb/UUT/drop_fifo/XLXI_31/inst/  $recovery( CLKB:17.600 us, CLKA:17.600
   us,1.000 ns)

WARNING:Simulator:29 - at 17.600 us: Warning: Timing violation in
   /ids_tb/UUT/drop_fifo/XLXI_31/inst/  $recovery( CLKA:17.600 us, CLKB:17.600
   us,1.000 ns)

WARNING:Simulator:29 - at 17.700 us: Warning: Timing violation in
   /ids_tb/UUT/drop_fifo/XLXI_31/inst/  $recovery( CLKB:17.700 us, CLKA:17.700
   us,1.000 ns)

WARNING:Simulator:29 - at 17.700 us: Warning: Timing violation in
   /ids_tb/UUT/drop_fifo/XLXI_31/inst/  $recovery( CLKA:17.700 us, CLKB:17.700
   us,1.000 ns)

WARNING:Simulator:29 - at 17.800 us: Warning: Timing violation in
   /ids_tb/UUT/drop_fifo/XLXI_31/inst/  $recovery( CLKB:17.800 us, CLKA:17.800
   us,1.000 ns)

WARNING:Simulator:29 - at 17.800 us: Warning: Timing violation in
   /ids_tb/UUT/drop_fifo/XLXI_31/inst/  $recovery( CLKA:17.800 us, CLKB:17.800
   us,1.000 ns)

WARNING:Simulator:29 - at 17.900 us: Warning: Timing violation in
   /ids_tb/UUT/drop_fifo/XLXI_31/inst/  $recovery( CLKB:17.900 us, CLKA:17.900
   us,1.000 ns)

WARNING:Simulator:29 - at 17.900 us: Warning: Timing violation in
   /ids_tb/UUT/drop_fifo/XLXI_31/inst/  $recovery( CLKA:17.900 us, CLKB:17.900
   us,1.000 ns)

WARNING:Simulator:29 - at 18.000 us: Warning: Timing violation in
   /ids_tb/UUT/drop_fifo/XLXI_31/inst/  $recovery( CLKB:18.000 us, CLKA:18.000
   us,1.000 ns)

WARNING:Simulator:29 - at 18.000 us: Warning: Timing violation in
   /ids_tb/UUT/drop_fifo/XLXI_31/inst/  $recovery( CLKA:18.000 us, CLKB:18.000
   us,1.000 ns)

WARNING:Simulator:29 - at 18.100 us: Warning: Timing violation in
   /ids_tb/UUT/drop_fifo/XLXI_31/inst/  $recovery( CLKB:18.100 us, CLKA:18.100
   us,1.000 ns)

WARNING:Simulator:29 - at 18.100 us: Warning: Timing violation in
   /ids_tb/UUT/drop_fifo/XLXI_31/inst/  $recovery( CLKA:18.100 us, CLKB:18.100
   us,1.000 ns)

WARNING:Simulator:29 - at 18.200 us: Warning: Timing violation in
   /ids_tb/UUT/drop_fifo/XLXI_31/inst/  $recovery( CLKB:18.200 us, CLKA:18.200
   us,1.000 ns)

WARNING:Simulator:29 - at 18.200 us: Warning: Timing violation in
   /ids_tb/UUT/drop_fifo/XLXI_31/inst/  $recovery( CLKA:18.200 us, CLKB:18.200
   us,1.000 ns)

WARNING:Simulator:29 - at 18.300 us: Warning: Timing violation in
   /ids_tb/UUT/drop_fifo/XLXI_31/inst/  $recovery( CLKB:18.300 us, CLKA:18.300
   us,1.000 ns)

WARNING:Simulator:29 - at 18.300 us: Warning: Timing violation in
   /ids_tb/UUT/drop_fifo/XLXI_31/inst/  $recovery( CLKA:18.300 us, CLKB:18.300
   us,1.000 ns)

WARNING:Simulator:29 - at 18.400 us: Warning: Timing violation in
   /ids_tb/UUT/drop_fifo/XLXI_31/inst/  $recovery( CLKB:18.400 us, CLKA:18.400
   us,1.000 ns)

WARNING:Simulator:29 - at 18.400 us: Warning: Timing violation in
   /ids_tb/UUT/drop_fifo/XLXI_31/inst/  $recovery( CLKA:18.400 us, CLKB:18.400
   us,1.000 ns)

WARNING:Simulator:29 - at 18.500 us: Warning: Timing violation in
   /ids_tb/UUT/drop_fifo/XLXI_31/inst/  $recovery( CLKB:18.500 us, CLKA:18.500
   us,1.000 ns)

WARNING:Simulator:29 - at 18.500 us: Warning: Timing violation in
   /ids_tb/UUT/drop_fifo/XLXI_31/inst/  $recovery( CLKA:18.500 us, CLKB:18.500
   us,1.000 ns)

WARNING:Simulator:29 - at 18.600 us: Warning: Timing violation in
   /ids_tb/UUT/drop_fifo/XLXI_31/inst/  $recovery( CLKB:18.600 us, CLKA:18.600
   us,1.000 ns)

WARNING:Simulator:29 - at 18.600 us: Warning: Timing violation in
   /ids_tb/UUT/drop_fifo/XLXI_31/inst/  $recovery( CLKA:18.600 us, CLKB:18.600
   us,1.000 ns)

WARNING:Simulator:29 - at 18.700 us: Warning: Timing violation in
   /ids_tb/UUT/drop_fifo/XLXI_31/inst/  $recovery( CLKB:18.700 us, CLKA:18.700
   us,1.000 ns)

WARNING:Simulator:29 - at 18.700 us: Warning: Timing violation in
   /ids_tb/UUT/drop_fifo/XLXI_31/inst/  $recovery( CLKA:18.700 us, CLKB:18.700
   us,1.000 ns)

WARNING:Simulator:29 - at 18.800 us: Warning: Timing violation in
   /ids_tb/UUT/drop_fifo/XLXI_31/inst/  $recovery( CLKB:18.800 us, CLKA:18.800
   us,1.000 ns)

WARNING:Simulator:29 - at 18.800 us: Warning: Timing violation in
   /ids_tb/UUT/drop_fifo/XLXI_31/inst/  $recovery( CLKA:18.800 us, CLKB:18.800
   us,1.000 ns)

WARNING:Simulator:29 - at 18.900 us: Warning: Timing violation in
   /ids_tb/UUT/drop_fifo/XLXI_31/inst/  $recovery( CLKB:18.900 us, CLKA:18.900
   us,1.000 ns)

WARNING:Simulator:29 - at 18.900 us: Warning: Timing violation in
   /ids_tb/UUT/drop_fifo/XLXI_31/inst/  $recovery( CLKA:18.900 us, CLKB:18.900
   us,1.000 ns)

WARNING:Simulator:29 - at 19.000 us: Warning: Timing violation in
   /ids_tb/UUT/drop_fifo/XLXI_31/inst/  $recovery( CLKB:19.000 us, CLKA:19.000
   us,1.000 ns)

WARNING:Simulator:29 - at 19.000 us: Warning: Timing violation in
   /ids_tb/UUT/drop_fifo/XLXI_31/inst/  $recovery( CLKA:19.000 us, CLKB:19.000
   us,1.000 ns)

WARNING:Simulator:29 - at 19.100 us: Warning: Timing violation in
   /ids_tb/UUT/drop_fifo/XLXI_31/inst/  $recovery( CLKB:19.100 us, CLKA:19.100
   us,1.000 ns)

WARNING:Simulator:29 - at 19.100 us: Warning: Timing violation in
   /ids_tb/UUT/drop_fifo/XLXI_31/inst/  $recovery( CLKA:19.100 us, CLKB:19.100
   us,1.000 ns)

WARNING:Simulator:29 - at 19.200 us: Warning: Timing violation in
   /ids_tb/UUT/drop_fifo/XLXI_31/inst/  $recovery( CLKB:19.200 us, CLKA:19.200
   us,1.000 ns)

WARNING:Simulator:29 - at 19.200 us: Warning: Timing violation in
   /ids_tb/UUT/drop_fifo/XLXI_31/inst/  $recovery( CLKA:19.200 us, CLKB:19.200
   us,1.000 ns)

WARNING:Simulator:29 - at 19.300 us: Warning: Timing violation in
   /ids_tb/UUT/drop_fifo/XLXI_31/inst/  $recovery( CLKB:19.300 us, CLKA:19.300
   us,1.000 ns)

WARNING:Simulator:29 - at 19.300 us: Warning: Timing violation in
   /ids_tb/UUT/drop_fifo/XLXI_31/inst/  $recovery( CLKA:19.300 us, CLKB:19.300
   us,1.000 ns)

WARNING:Simulator:29 - at 19.400 us: Warning: Timing violation in
   /ids_tb/UUT/drop_fifo/XLXI_31/inst/  $recovery( CLKB:19.400 us, CLKA:19.400
   us,1.000 ns)

WARNING:Simulator:29 - at 19.400 us: Warning: Timing violation in
   /ids_tb/UUT/drop_fifo/XLXI_31/inst/  $recovery( CLKA:19.400 us, CLKB:19.400
   us,1.000 ns)

WARNING:Simulator:29 - at 19.500 us: Warning: Timing violation in
   /ids_tb/UUT/drop_fifo/XLXI_31/inst/  $recovery( CLKB:19.500 us, CLKA:19.500
   us,1.000 ns)

WARNING:Simulator:29 - at 19.500 us: Warning: Timing violation in
   /ids_tb/UUT/drop_fifo/XLXI_31/inst/  $recovery( CLKA:19.500 us, CLKB:19.500
   us,1.000 ns)

WARNING:Simulator:29 - at 19.600 us: Warning: Timing violation in
   /ids_tb/UUT/drop_fifo/XLXI_31/inst/  $recovery( CLKB:19.600 us, CLKA:19.600
   us,1.000 ns)

WARNING:Simulator:29 - at 19.600 us: Warning: Timing violation in
   /ids_tb/UUT/drop_fifo/XLXI_31/inst/  $recovery( CLKA:19.600 us, CLKB:19.600
   us,1.000 ns)

WARNING:Simulator:29 - at 19.700 us: Warning: Timing violation in
   /ids_tb/UUT/drop_fifo/XLXI_31/inst/  $recovery( CLKB:19.700 us, CLKA:19.700
   us,1.000 ns)

WARNING:Simulator:29 - at 19.700 us: Warning: Timing violation in
   /ids_tb/UUT/drop_fifo/XLXI_31/inst/  $recovery( CLKA:19.700 us, CLKB:19.700
   us,1.000 ns)

WARNING:Simulator:29 - at 19.800 us: Warning: Timing violation in
   /ids_tb/UUT/drop_fifo/XLXI_31/inst/  $recovery( CLKB:19.800 us, CLKA:19.800
   us,1.000 ns)

WARNING:Simulator:29 - at 19.800 us: Warning: Timing violation in
   /ids_tb/UUT/drop_fifo/XLXI_31/inst/  $recovery( CLKA:19.800 us, CLKB:19.800
   us,1.000 ns)

WARNING:Simulator:29 - at 19.900 us: Warning: Timing violation in
   /ids_tb/UUT/drop_fifo/XLXI_31/inst/  $recovery( CLKB:19.900 us, CLKA:19.900
   us,1.000 ns)

WARNING:Simulator:29 - at 19.900 us: Warning: Timing violation in
   /ids_tb/UUT/drop_fifo/XLXI_31/inst/  $recovery( CLKA:19.900 us, CLKB:19.900
   us,1.000 ns)

WARNING:Simulator:29 - at 20.000 us: Warning: Timing violation in
   /ids_tb/UUT/drop_fifo/XLXI_31/inst/  $recovery( CLKB:20.000 us, CLKA:20.000
   us,1.000 ns)

WARNING:Simulator:29 - at 20.000 us: Warning: Timing violation in
   /ids_tb/UUT/drop_fifo/XLXI_31/inst/  $recovery( CLKA:20.000 us, CLKB:20.000
   us,1.000 ns)

WARNING:Simulator:29 - at 20.100 us: Warning: Timing violation in
   /ids_tb/UUT/drop_fifo/XLXI_31/inst/  $recovery( CLKB:20.100 us, CLKA:20.100
   us,1.000 ns)

WARNING:Simulator:29 - at 20.100 us: Warning: Timing violation in
   /ids_tb/UUT/drop_fifo/XLXI_31/inst/  $recovery( CLKA:20.100 us, CLKB:20.100
   us,1.000 ns)

WARNING:Simulator:29 - at 20.200 us: Warning: Timing violation in
   /ids_tb/UUT/drop_fifo/XLXI_31/inst/  $recovery( CLKB:20.200 us, CLKA:20.200
   us,1.000 ns)

WARNING:Simulator:29 - at 20.200 us: Warning: Timing violation in
   /ids_tb/UUT/drop_fifo/XLXI_31/inst/  $recovery( CLKA:20.200 us, CLKB:20.200
   us,1.000 ns)

WARNING:Simulator:29 - at 20.300 us: Warning: Timing violation in
   /ids_tb/UUT/drop_fifo/XLXI_31/inst/  $recovery( CLKB:20.300 us, CLKA:20.300
   us,1.000 ns)

WARNING:Simulator:29 - at 20.300 us: Warning: Timing violation in
   /ids_tb/UUT/drop_fifo/XLXI_31/inst/  $recovery( CLKA:20.300 us, CLKB:20.300
   us,1.000 ns)

WARNING:Simulator:29 - at 20.400 us: Warning: Timing violation in
   /ids_tb/UUT/drop_fifo/XLXI_31/inst/  $recovery( CLKB:20.400 us, CLKA:20.400
   us,1.000 ns)

WARNING:Simulator:29 - at 20.400 us: Warning: Timing violation in
   /ids_tb/UUT/drop_fifo/XLXI_31/inst/  $recovery( CLKA:20.400 us, CLKB:20.400
   us,1.000 ns)

WARNING:Simulator:29 - at 20.500 us: Warning: Timing violation in
   /ids_tb/UUT/drop_fifo/XLXI_31/inst/  $recovery( CLKB:20.500 us, CLKA:20.500
   us,1.000 ns)

WARNING:Simulator:29 - at 20.500 us: Warning: Timing violation in
   /ids_tb/UUT/drop_fifo/XLXI_31/inst/  $recovery( CLKA:20.500 us, CLKB:20.500
   us,1.000 ns)

WARNING:Simulator:29 - at 20.600 us: Warning: Timing violation in
   /ids_tb/UUT/drop_fifo/XLXI_31/inst/  $recovery( CLKB:20.600 us, CLKA:20.600
   us,1.000 ns)

WARNING:Simulator:29 - at 20.600 us: Warning: Timing violation in
   /ids_tb/UUT/drop_fifo/XLXI_31/inst/  $recovery( CLKA:20.600 us, CLKB:20.600
   us,1.000 ns)

WARNING:Simulator:29 - at 20.700 us: Warning: Timing violation in
   /ids_tb/UUT/drop_fifo/XLXI_31/inst/  $recovery( CLKB:20.700 us, CLKA:20.700
   us,1.000 ns)

WARNING:Simulator:29 - at 20.700 us: Warning: Timing violation in
   /ids_tb/UUT/drop_fifo/XLXI_31/inst/  $recovery( CLKA:20.700 us, CLKB:20.700
   us,1.000 ns)

WARNING:Simulator:29 - at 20.800 us: Warning: Timing violation in
   /ids_tb/UUT/drop_fifo/XLXI_31/inst/  $recovery( CLKB:20.800 us, CLKA:20.800
   us,1.000 ns)

WARNING:Simulator:29 - at 20.800 us: Warning: Timing violation in
   /ids_tb/UUT/drop_fifo/XLXI_31/inst/  $recovery( CLKA:20.800 us, CLKB:20.800
   us,1.000 ns)

WARNING:Simulator:29 - at 20.900 us: Warning: Timing violation in
   /ids_tb/UUT/drop_fifo/XLXI_31/inst/  $recovery( CLKB:20.900 us, CLKA:20.900
   us,1.000 ns)

WARNING:Simulator:29 - at 20.900 us: Warning: Timing violation in
   /ids_tb/UUT/drop_fifo/XLXI_31/inst/  $recovery( CLKA:20.900 us, CLKB:20.900
   us,1.000 ns)

WARNING:Simulator:29 - at 21.000 us: Warning: Timing violation in
   /ids_tb/UUT/drop_fifo/XLXI_31/inst/  $recovery( CLKB:21.000 us, CLKA:21.000
   us,1.000 ns)

WARNING:Simulator:29 - at 21.000 us: Warning: Timing violation in
   /ids_tb/UUT/drop_fifo/XLXI_31/inst/  $recovery( CLKA:21.000 us, CLKB:21.000
   us,1.000 ns)

WARNING:Simulator:29 - at 21.100 us: Warning: Timing violation in
   /ids_tb/UUT/drop_fifo/XLXI_31/inst/  $recovery( CLKB:21.100 us, CLKA:21.100
   us,1.000 ns)

WARNING:Simulator:29 - at 21.100 us: Warning: Timing violation in
   /ids_tb/UUT/drop_fifo/XLXI_31/inst/  $recovery( CLKA:21.100 us, CLKB:21.100
   us,1.000 ns)

WARNING:Simulator:29 - at 21.200 us: Warning: Timing violation in
   /ids_tb/UUT/drop_fifo/XLXI_31/inst/  $recovery( CLKB:21.200 us, CLKA:21.200
   us,1.000 ns)

WARNING:Simulator:29 - at 21.200 us: Warning: Timing violation in
   /ids_tb/UUT/drop_fifo/XLXI_31/inst/  $recovery( CLKA:21.200 us, CLKB:21.200
   us,1.000 ns)

WARNING:Simulator:29 - at 21.300 us: Warning: Timing violation in
   /ids_tb/UUT/drop_fifo/XLXI_31/inst/  $recovery( CLKB:21.300 us, CLKA:21.300
   us,1.000 ns)

WARNING:Simulator:29 - at 21.300 us: Warning: Timing violation in
   /ids_tb/UUT/drop_fifo/XLXI_31/inst/  $recovery( CLKA:21.300 us, CLKB:21.300
   us,1.000 ns)

WARNING:Simulator:29 - at 21.400 us: Warning: Timing violation in
   /ids_tb/UUT/drop_fifo/XLXI_31/inst/  $recovery( CLKB:21.400 us, CLKA:21.400
   us,1.000 ns)

WARNING:Simulator:29 - at 21.400 us: Warning: Timing violation in
   /ids_tb/UUT/drop_fifo/XLXI_31/inst/  $recovery( CLKA:21.400 us, CLKB:21.400
   us,1.000 ns)

WARNING:Simulator:29 - at 21.500 us: Warning: Timing violation in
   /ids_tb/UUT/drop_fifo/XLXI_31/inst/  $recovery( CLKB:21.500 us, CLKA:21.500
   us,1.000 ns)

WARNING:Simulator:29 - at 21.500 us: Warning: Timing violation in
   /ids_tb/UUT/drop_fifo/XLXI_31/inst/  $recovery( CLKA:21.500 us, CLKB:21.500
   us,1.000 ns)

WARNING:Simulator:29 - at 21.600 us: Warning: Timing violation in
   /ids_tb/UUT/drop_fifo/XLXI_31/inst/  $recovery( CLKB:21.600 us, CLKA:21.600
   us,1.000 ns)

WARNING:Simulator:29 - at 21.600 us: Warning: Timing violation in
   /ids_tb/UUT/drop_fifo/XLXI_31/inst/  $recovery( CLKA:21.600 us, CLKB:21.600
   us,1.000 ns)

WARNING:Simulator:29 - at 21.700 us: Warning: Timing violation in
   /ids_tb/UUT/drop_fifo/XLXI_31/inst/  $recovery( CLKB:21.700 us, CLKA:21.700
   us,1.000 ns)

WARNING:Simulator:29 - at 21.700 us: Warning: Timing violation in
   /ids_tb/UUT/drop_fifo/XLXI_31/inst/  $recovery( CLKA:21.700 us, CLKB:21.700
   us,1.000 ns)

WARNING:Simulator:29 - at 21.800 us: Warning: Timing violation in
   /ids_tb/UUT/drop_fifo/XLXI_31/inst/  $recovery( CLKB:21.800 us, CLKA:21.800
   us,1.000 ns)

WARNING:Simulator:29 - at 21.800 us: Warning: Timing violation in
   /ids_tb/UUT/drop_fifo/XLXI_31/inst/  $recovery( CLKA:21.800 us, CLKB:21.800
   us,1.000 ns)

WARNING:Simulator:29 - at 21.900 us: Warning: Timing violation in
   /ids_tb/UUT/drop_fifo/XLXI_31/inst/  $recovery( CLKB:21.900 us, CLKA:21.900
   us,1.000 ns)

WARNING:Simulator:29 - at 21.900 us: Warning: Timing violation in
   /ids_tb/UUT/drop_fifo/XLXI_31/inst/  $recovery( CLKA:21.900 us, CLKB:21.900
   us,1.000 ns)

WARNING:Simulator:29 - at 22.000 us: Warning: Timing violation in
   /ids_tb/UUT/drop_fifo/XLXI_31/inst/  $recovery( CLKB:22.000 us, CLKA:22.000
   us,1.000 ns)

WARNING:Simulator:29 - at 22.000 us: Warning: Timing violation in
   /ids_tb/UUT/drop_fifo/XLXI_31/inst/  $recovery( CLKA:22.000 us, CLKB:22.000
   us,1.000 ns)


 Total Simulation Time: 1.65625 sec

 Current Memory Usage: 160.162 Meg

Sat Feb 01 02:41:23 2025

