Release 10.1 Map K.31 (nt)
Xilinx Mapping Report File for Design 'ALUsch_32bit'

Design Information
------------------
Command Line   : map -ise C:/yzhou477/yzhou477.ise -intstyle ise -p
xa2s300e-ft256-6 -cm area -pr off -k 4 -c 100 -tx off -o ALUsch_32bit_map.ncd
ALUsch_32bit.ngd ALUsch_32bit.pcf 
Target Device  : xa2s300e
Target Package : ft256
Target Speed   : -6
Mapper Version : aspartan2e -- $Revision: 1.46 $
Mapped Date    : Sat Jan 25 20:24:16 2025

Design Summary
--------------
Number of errors:      0
Number of warnings:    0
Logic Utilization:
  Number of 4 input LUTs:           288 out of  6,144    4%
Logic Distribution:
    Number of occupied Slices:                         145 out of  3,072    4%
    Number of Slices containing only related logic:    145 out of    145  100%
    Number of Slices containing unrelated logic:         0 out of    145    0%
        *See NOTES below for an explanation of the effects of unrelated logic
Total Number of 4 input LUTs:       288 out of  6,144    4%
   Number of bonded IOBs:           103 out of    178   57%

Peak Memory Usage:  136 MB
Total REAL time to MAP completion:  6 secs 
Total CPU time to MAP completion:   5 secs 

NOTES:

   Related logic is defined as being logic that shares connectivity - e.g. two
   LUTs are "related" if they share common inputs.  When assembling slices,
   Map gives priority to combine logic that is related.  Doing so results in
   the best timing performance.

   Unrelated logic shares no connectivity.  Map will only begin packing
   unrelated logic into a slice once 99% of the slices are occupied through
   related logic packing.

   Note that once logic distribution reaches the 99% level through related
   logic packing, this does not mean the device is completely utilized.
   Unrelated logic packing will then begin, continuing until all usable LUTs
   and FFs are occupied.  Depending on your timing budget, increased levels of
   unrelated logic packing may adversely affect the overall timing performance
   of your design.

Table of Contents
-----------------
Section 1 - Errors
Section 2 - Warnings
Section 3 - Informational
Section 4 - Removed Logic Summary
Section 5 - Removed Logic
Section 6 - IOB Properties
Section 7 - RPMs
Section 8 - Guide Report
Section 9 - Area Group and Partition Summary
Section 10 - Modular Design Summary
Section 11 - Timing Report
Section 12 - Configuration String Information
Section 13 - Control Set Information
Section 14 - Utilization by Hierarchy

Section 1 - Errors
------------------

Section 2 - Warnings
--------------------

Section 3 - Informational
-------------------------
INFO:LIT:244 - All of the single ended outputs in this design are using slew
   rate limited output drivers. The delay on speed critical single ended outputs
   can be dramatically reduced by designating them as fast outputs.

Section 4 - Removed Logic Summary
---------------------------------
   1 block(s) removed
   3 block(s) optimized away
   1 signal(s) removed

Section 5 - Removed Logic
-------------------------

The trimmed logic reported below is either:
   1. part of a cycle
   2. part of disabled logic
   3. a side-effect of other trimmed logic

The signal "XLXI_3/XLXI_56/XLXN_1" is unused and has been removed.
 Unused block "XLXI_3/XLXI_56/XLXI_4" (BUF) removed.

Optimized Block(s):
TYPE 		BLOCK
AND2 		XLXI_3/XLXI_139/XLXI_2
AND2 		XLXI_3/XLXI_56/XLXI_1
GND 		XST_GND

To enable printing of redundant blocks removed and signals merged, set the
detailed map report option and rerun map.

Section 6 - IOB Properties
--------------------------

+------------------------------------------------------------------------------------------------------------------------+
| IOB Name                           | Type    | Direction | IO Standard | Drive    | Slew | Reg (s)  | Resistor | IOB   |
|                                    |         |           |             | Strength | Rate |          |          | Delay |
+------------------------------------------------------------------------------------------------------------------------+
| a<0>                               | IOB     | INPUT     | LVTTL       |          |      |          |          |       |
| a<1>                               | IOB     | INPUT     | LVTTL       |          |      |          |          |       |
| a<2>                               | IOB     | INPUT     | LVTTL       |          |      |          |          |       |
| a<3>                               | IOB     | INPUT     | LVTTL       |          |      |          |          |       |
| a<4>                               | IOB     | INPUT     | LVTTL       |          |      |          |          |       |
| a<5>                               | IOB     | INPUT     | LVTTL       |          |      |          |          |       |
| a<6>                               | IOB     | INPUT     | LVTTL       |          |      |          |          |       |
| a<7>                               | IOB     | INPUT     | LVTTL       |          |      |          |          |       |
| a<8>                               | IOB     | INPUT     | LVTTL       |          |      |          |          |       |
| a<9>                               | IOB     | INPUT     | LVTTL       |          |      |          |          |       |
| a<10>                              | IOB     | INPUT     | LVTTL       |          |      |          |          |       |
| a<11>                              | IOB     | INPUT     | LVTTL       |          |      |          |          |       |
| a<12>                              | IOB     | INPUT     | LVTTL       |          |      |          |          |       |
| a<13>                              | IOB     | INPUT     | LVTTL       |          |      |          |          |       |
| a<14>                              | IOB     | INPUT     | LVTTL       |          |      |          |          |       |
| a<15>                              | IOB     | INPUT     | LVTTL       |          |      |          |          |       |
| a<16>                              | IOB     | INPUT     | LVTTL       |          |      |          |          |       |
| a<17>                              | IOB     | INPUT     | LVTTL       |          |      |          |          |       |
| a<18>                              | IOB     | INPUT     | LVTTL       |          |      |          |          |       |
| a<19>                              | IOB     | INPUT     | LVTTL       |          |      |          |          |       |
| a<20>                              | IOB     | INPUT     | LVTTL       |          |      |          |          |       |
| a<21>                              | IOB     | INPUT     | LVTTL       |          |      |          |          |       |
| a<22>                              | IOB     | INPUT     | LVTTL       |          |      |          |          |       |
| a<23>                              | IOB     | INPUT     | LVTTL       |          |      |          |          |       |
| a<24>                              | IOB     | INPUT     | LVTTL       |          |      |          |          |       |
| a<25>                              | IOB     | INPUT     | LVTTL       |          |      |          |          |       |
| a<26>                              | IOB     | INPUT     | LVTTL       |          |      |          |          |       |
| a<27>                              | IOB     | INPUT     | LVTTL       |          |      |          |          |       |
| a<28>                              | IOB     | INPUT     | LVTTL       |          |      |          |          |       |
| a<29>                              | IOB     | INPUT     | LVTTL       |          |      |          |          |       |
| a<30>                              | IOB     | INPUT     | LVTTL       |          |      |          |          |       |
| a<31>                              | IOB     | INPUT     | LVTTL       |          |      |          |          |       |
| add_cout                           | IOB     | OUTPUT    | LVTTL       | 12       | SLOW |          |          |       |
| b<0>                               | IOB     | INPUT     | LVTTL       |          |      |          |          |       |
| b<1>                               | IOB     | INPUT     | LVTTL       |          |      |          |          |       |
| b<2>                               | IOB     | INPUT     | LVTTL       |          |      |          |          |       |
| b<3>                               | IOB     | INPUT     | LVTTL       |          |      |          |          |       |
| b<4>                               | IOB     | INPUT     | LVTTL       |          |      |          |          |       |
| b<5>                               | IOB     | INPUT     | LVTTL       |          |      |          |          |       |
| b<6>                               | IOB     | INPUT     | LVTTL       |          |      |          |          |       |
| b<7>                               | IOB     | INPUT     | LVTTL       |          |      |          |          |       |
| b<8>                               | IOB     | INPUT     | LVTTL       |          |      |          |          |       |
| b<9>                               | IOB     | INPUT     | LVTTL       |          |      |          |          |       |
| b<10>                              | IOB     | INPUT     | LVTTL       |          |      |          |          |       |
| b<11>                              | IOB     | INPUT     | LVTTL       |          |      |          |          |       |
| b<12>                              | IOB     | INPUT     | LVTTL       |          |      |          |          |       |
| b<13>                              | IOB     | INPUT     | LVTTL       |          |      |          |          |       |
| b<14>                              | IOB     | INPUT     | LVTTL       |          |      |          |          |       |
| b<15>                              | IOB     | INPUT     | LVTTL       |          |      |          |          |       |
| b<16>                              | IOB     | INPUT     | LVTTL       |          |      |          |          |       |
| b<17>                              | IOB     | INPUT     | LVTTL       |          |      |          |          |       |
| b<18>                              | IOB     | INPUT     | LVTTL       |          |      |          |          |       |
| b<19>                              | IOB     | INPUT     | LVTTL       |          |      |          |          |       |
| b<20>                              | IOB     | INPUT     | LVTTL       |          |      |          |          |       |
| b<21>                              | IOB     | INPUT     | LVTTL       |          |      |          |          |       |
| b<22>                              | IOB     | INPUT     | LVTTL       |          |      |          |          |       |
| b<23>                              | IOB     | INPUT     | LVTTL       |          |      |          |          |       |
| b<24>                              | IOB     | INPUT     | LVTTL       |          |      |          |          |       |
| b<25>                              | IOB     | INPUT     | LVTTL       |          |      |          |          |       |
| b<26>                              | IOB     | INPUT     | LVTTL       |          |      |          |          |       |
| b<27>                              | IOB     | INPUT     | LVTTL       |          |      |          |          |       |
| b<28>                              | IOB     | INPUT     | LVTTL       |          |      |          |          |       |
| b<29>                              | IOB     | INPUT     | LVTTL       |          |      |          |          |       |
| b<30>                              | IOB     | INPUT     | LVTTL       |          |      |          |          |       |
| b<31>                              | IOB     | INPUT     | LVTTL       |          |      |          |          |       |
| cin                                | IOB     | INPUT     | LVTTL       |          |      |          |          |       |
| opr<0>                             | IOB     | INPUT     | LVTTL       |          |      |          |          |       |
| opr<1>                             | IOB     | INPUT     | LVTTL       |          |      |          |          |       |
| opr<2>                             | IOB     | INPUT     | LVTTL       |          |      |          |          |       |
| shiftdir                           | IOB     | INPUT     | LVTTL       |          |      |          |          |       |
| sub_cout                           | IOB     | OUTPUT    | LVTTL       | 12       | SLOW |          |          |       |
| z<0>                               | IOB     | OUTPUT    | LVTTL       | 12       | SLOW |          |          |       |
| z<1>                               | IOB     | OUTPUT    | LVTTL       | 12       | SLOW |          |          |       |
| z<2>                               | IOB     | OUTPUT    | LVTTL       | 12       | SLOW |          |          |       |
| z<3>                               | IOB     | OUTPUT    | LVTTL       | 12       | SLOW |          |          |       |
| z<4>                               | IOB     | OUTPUT    | LVTTL       | 12       | SLOW |          |          |       |
| z<5>                               | IOB     | OUTPUT    | LVTTL       | 12       | SLOW |          |          |       |
| z<6>                               | IOB     | OUTPUT    | LVTTL       | 12       | SLOW |          |          |       |
| z<7>                               | IOB     | OUTPUT    | LVTTL       | 12       | SLOW |          |          |       |
| z<8>                               | IOB     | OUTPUT    | LVTTL       | 12       | SLOW |          |          |       |
| z<9>                               | IOB     | OUTPUT    | LVTTL       | 12       | SLOW |          |          |       |
| z<10>                              | IOB     | OUTPUT    | LVTTL       | 12       | SLOW |          |          |       |
| z<11>                              | IOB     | OUTPUT    | LVTTL       | 12       | SLOW |          |          |       |
| z<12>                              | IOB     | OUTPUT    | LVTTL       | 12       | SLOW |          |          |       |
| z<13>                              | IOB     | OUTPUT    | LVTTL       | 12       | SLOW |          |          |       |
| z<14>                              | IOB     | OUTPUT    | LVTTL       | 12       | SLOW |          |          |       |
| z<15>                              | IOB     | OUTPUT    | LVTTL       | 12       | SLOW |          |          |       |
| z<16>                              | IOB     | OUTPUT    | LVTTL       | 12       | SLOW |          |          |       |
| z<17>                              | IOB     | OUTPUT    | LVTTL       | 12       | SLOW |          |          |       |
| z<18>                              | IOB     | OUTPUT    | LVTTL       | 12       | SLOW |          |          |       |
| z<19>                              | IOB     | OUTPUT    | LVTTL       | 12       | SLOW |          |          |       |
| z<20>                              | IOB     | OUTPUT    | LVTTL       | 12       | SLOW |          |          |       |
| z<21>                              | IOB     | OUTPUT    | LVTTL       | 12       | SLOW |          |          |       |
| z<22>                              | IOB     | OUTPUT    | LVTTL       | 12       | SLOW |          |          |       |
| z<23>                              | IOB     | OUTPUT    | LVTTL       | 12       | SLOW |          |          |       |
| z<24>                              | IOB     | OUTPUT    | LVTTL       | 12       | SLOW |          |          |       |
| z<25>                              | IOB     | OUTPUT    | LVTTL       | 12       | SLOW |          |          |       |
| z<26>                              | IOB     | OUTPUT    | LVTTL       | 12       | SLOW |          |          |       |
| z<27>                              | IOB     | OUTPUT    | LVTTL       | 12       | SLOW |          |          |       |
| z<28>                              | IOB     | OUTPUT    | LVTTL       | 12       | SLOW |          |          |       |
| z<29>                              | IOB     | OUTPUT    | LVTTL       | 12       | SLOW |          |          |       |
| z<30>                              | IOB     | OUTPUT    | LVTTL       | 12       | SLOW |          |          |       |
| z<31>                              | IOB     | OUTPUT    | LVTTL       | 12       | SLOW |          |          |       |
+------------------------------------------------------------------------------------------------------------------------+

Section 7 - RPMs
----------------

Section 8 - Guide Report
------------------------
Guide not run on this design.

Section 9 - Area Group and Partition Summary
--------------------------------------------

Area Group Information
----------------------

  No area groups were found in this design.

----------------------

Section 10 - Modular Design Summary
-----------------------------------
Modular Design not used for this design.

Section 11 - Timing Report
--------------------------
No timing report for this architecture.

Section 12 - Configuration String Details
-----------------------------------------
Use the "-detail" map option to print out Configuration Strings

Section 13 - Control Set Information
------------------------------------
No control set information for this architecture.
