Release 10.1 Map K.31 (nt)
Xilinx Mapping Report File for Design 'ALUv_32bit'

Design Information
------------------
Command Line   : map -ise C:/yzhou477/yzhou477.ise -intstyle ise -p
xa2s300e-ft256-6 -cm area -pr off -k 4 -c 100 -tx off -o ALUv_32bit_map.ncd
ALUv_32bit.ngd ALUv_32bit.pcf 
Target Device  : xa2s300e
Target Package : ft256
Target Speed   : -6
Mapper Version : aspartan2e -- $Revision: 1.46 $
Mapped Date    : Sat Jan 25 20:53:03 2025

Design Summary
--------------
Number of errors:      0
Number of warnings:    1
Logic Utilization:
  Number of 4 input LUTs:           194 out of  6,144    3%
Logic Distribution:
    Number of occupied Slices:                          99 out of  3,072    3%
    Number of Slices containing only related logic:     99 out of     99  100%
    Number of Slices containing unrelated logic:         0 out of     99    0%
        *See NOTES below for an explanation of the effects of unrelated logic
Total Number of 4 input LUTs:       194 out of  6,144    3%
   Number of bonded IOBs:           102 out of    178   57%

Peak Memory Usage:  135 MB
Total REAL time to MAP completion:  8 secs 
Total CPU time to MAP completion:   6 secs 

NOTES:

   Related logic is defined as being logic that shares connectivity - e.g. two
   LUTs are "related" if they share common inputs.  When assembling slices,
   Map gives priority to combine logic that is related.  Doing so results in
   the best timing performance.

   Unrelated logic shares no connectivity.  Map will only begin packing
   unrelated logic into a slice once 99% of the slices are occupied through
   related logic packing.

   Note that once logic distribution reaches the 99% level through related
   logic packing, this does not mean the device is completely utilized.
   Unrelated logic packing will then begin, continuing until all usable LUTs
   and FFs are occupied.  Depending on your timing budget, increased levels of
   unrelated logic packing may adversely affect the overall timing performance
   of your design.

Table of Contents
-----------------
Section 1 - Errors
Section 2 - Warnings
Section 3 - Informational
Section 4 - Removed Logic Summary
Section 5 - Removed Logic
Section 6 - IOB Properties
Section 7 - RPMs
Section 8 - Guide Report
Section 9 - Area Group and Partition Summary
Section 10 - Modular Design Summary
Section 11 - Timing Report
Section 12 - Configuration String Information
Section 13 - Control Set Information
Section 14 - Utilization by Hierarchy

Section 1 - Errors
------------------

Section 2 - Warnings
--------------------
WARNING:LIT:243 - Logical network cin has no load.

Section 3 - Informational
-------------------------
INFO:LIT:244 - All of the single ended outputs in this design are using slew
   rate limited output drivers. The delay on speed critical single ended outputs
   can be dramatically reduced by designating them as fast outputs.

Section 4 - Removed Logic Summary
---------------------------------
   2 block(s) optimized away

Section 5 - Removed Logic
-------------------------

Optimized Block(s):
TYPE 		BLOCK
GND 		XST_GND
VCC 		XST_VCC

Section 6 - IOB Properties
--------------------------

+------------------------------------------------------------------------------------------------------------------------+
| IOB Name                           | Type    | Direction | IO Standard | Drive    | Slew | Reg (s)  | Resistor | IOB   |
|                                    |         |           |             | Strength | Rate |          |          | Delay |
+------------------------------------------------------------------------------------------------------------------------+
| a<0>                               | IOB     | INPUT     | LVTTL       |          |      |          |          |       |
| a<1>                               | IOB     | INPUT     | LVTTL       |          |      |          |          |       |
| a<2>                               | IOB     | INPUT     | LVTTL       |          |      |          |          |       |
| a<3>                               | IOB     | INPUT     | LVTTL       |          |      |          |          |       |
| a<4>                               | IOB     | INPUT     | LVTTL       |          |      |          |          |       |
| a<5>                               | IOB     | INPUT     | LVTTL       |          |      |          |          |       |
| a<6>                               | IOB     | INPUT     | LVTTL       |          |      |          |          |       |
| a<7>                               | IOB     | INPUT     | LVTTL       |          |      |          |          |       |
| a<8>                               | IOB     | INPUT     | LVTTL       |          |      |          |          |       |
| a<9>                               | IOB     | INPUT     | LVTTL       |          |      |          |          |       |
| a<10>                              | IOB     | INPUT     | LVTTL       |          |      |          |          |       |
| a<11>                              | IOB     | INPUT     | LVTTL       |          |      |          |          |       |
| a<12>                              | IOB     | INPUT     | LVTTL       |          |      |          |          |       |
| a<13>                              | IOB     | INPUT     | LVTTL       |          |      |          |          |       |
| a<14>                              | IOB     | INPUT     | LVTTL       |          |      |          |          |       |
| a<15>                              | IOB     | INPUT     | LVTTL       |          |      |          |          |       |
| a<16>                              | IOB     | INPUT     | LVTTL       |          |      |          |          |       |
| a<17>                              | IOB     | INPUT     | LVTTL       |          |      |          |          |       |
| a<18>                              | IOB     | INPUT     | LVTTL       |          |      |          |          |       |
| a<19>                              | IOB     | INPUT     | LVTTL       |          |      |          |          |       |
| a<20>                              | IOB     | INPUT     | LVTTL       |          |      |          |          |       |
| a<21>                              | IOB     | INPUT     | LVTTL       |          |      |          |          |       |
| a<22>                              | IOB     | INPUT     | LVTTL       |          |      |          |          |       |
| a<23>                              | IOB     | INPUT     | LVTTL       |          |      |          |          |       |
| a<24>                              | IOB     | INPUT     | LVTTL       |          |      |          |          |       |
| a<25>                              | IOB     | INPUT     | LVTTL       |          |      |          |          |       |
| a<26>                              | IOB     | INPUT     | LVTTL       |          |      |          |          |       |
| a<27>                              | IOB     | INPUT     | LVTTL       |          |      |          |          |       |
| a<28>                              | IOB     | INPUT     | LVTTL       |          |      |          |          |       |
| a<29>                              | IOB     | INPUT     | LVTTL       |          |      |          |          |       |
| a<30>                              | IOB     | INPUT     | LVTTL       |          |      |          |          |       |
| a<31>                              | IOB     | INPUT     | LVTTL       |          |      |          |          |       |
| add_cout                           | IOB     | OUTPUT    | LVTTL       | 12       | SLOW |          |          |       |
| b<0>                               | IOB     | INPUT     | LVTTL       |          |      |          |          |       |
| b<1>                               | IOB     | INPUT     | LVTTL       |          |      |          |          |       |
| b<2>                               | IOB     | INPUT     | LVTTL       |          |      |          |          |       |
| b<3>                               | IOB     | INPUT     | LVTTL       |          |      |          |          |       |
| b<4>                               | IOB     | INPUT     | LVTTL       |          |      |          |          |       |
| b<5>                               | IOB     | INPUT     | LVTTL       |          |      |          |          |       |
| b<6>                               | IOB     | INPUT     | LVTTL       |          |      |          |          |       |
| b<7>                               | IOB     | INPUT     | LVTTL       |          |      |          |          |       |
| b<8>                               | IOB     | INPUT     | LVTTL       |          |      |          |          |       |
| b<9>                               | IOB     | INPUT     | LVTTL       |          |      |          |          |       |
| b<10>                              | IOB     | INPUT     | LVTTL       |          |      |          |          |       |
| b<11>                              | IOB     | INPUT     | LVTTL       |          |      |          |          |       |
| b<12>                              | IOB     | INPUT     | LVTTL       |          |      |          |          |       |
| b<13>                              | IOB     | INPUT     | LVTTL       |          |      |          |          |       |
| b<14>                              | IOB     | INPUT     | LVTTL       |          |      |          |          |       |
| b<15>                              | IOB     | INPUT     | LVTTL       |          |      |          |          |       |
| b<16>                              | IOB     | INPUT     | LVTTL       |          |      |          |          |       |
| b<17>                              | IOB     | INPUT     | LVTTL       |          |      |          |          |       |
| b<18>                              | IOB     | INPUT     | LVTTL       |          |      |          |          |       |
| b<19>                              | IOB     | INPUT     | LVTTL       |          |      |          |          |       |
| b<20>                              | IOB     | INPUT     | LVTTL       |          |      |          |          |       |
| b<21>                              | IOB     | INPUT     | LVTTL       |          |      |          |          |       |
| b<22>                              | IOB     | INPUT     | LVTTL       |          |      |          |          |       |
| b<23>                              | IOB     | INPUT     | LVTTL       |          |      |          |          |       |
| b<24>                              | IOB     | INPUT     | LVTTL       |          |      |          |          |       |
| b<25>                              | IOB     | INPUT     | LVTTL       |          |      |          |          |       |
| b<26>                              | IOB     | INPUT     | LVTTL       |          |      |          |          |       |
| b<27>                              | IOB     | INPUT     | LVTTL       |          |      |          |          |       |
| b<28>                              | IOB     | INPUT     | LVTTL       |          |      |          |          |       |
| b<29>                              | IOB     | INPUT     | LVTTL       |          |      |          |          |       |
| b<30>                              | IOB     | INPUT     | LVTTL       |          |      |          |          |       |
| b<31>                              | IOB     | INPUT     | LVTTL       |          |      |          |          |       |
| opr<0>                             | IOB     | INPUT     | LVTTL       |          |      |          |          |       |
| opr<1>                             | IOB     | INPUT     | LVTTL       |          |      |          |          |       |
| opr<2>                             | IOB     | INPUT     | LVTTL       |          |      |          |          |       |
| result<0>                          | IOB     | OUTPUT    | LVTTL       | 12       | SLOW |          |          |       |
| result<1>                          | IOB     | OUTPUT    | LVTTL       | 12       | SLOW |          |          |       |
| result<2>                          | IOB     | OUTPUT    | LVTTL       | 12       | SLOW |          |          |       |
| result<3>                          | IOB     | OUTPUT    | LVTTL       | 12       | SLOW |          |          |       |
| result<4>                          | IOB     | OUTPUT    | LVTTL       | 12       | SLOW |          |          |       |
| result<5>                          | IOB     | OUTPUT    | LVTTL       | 12       | SLOW |          |          |       |
| result<6>                          | IOB     | OUTPUT    | LVTTL       | 12       | SLOW |          |          |       |
| result<7>                          | IOB     | OUTPUT    | LVTTL       | 12       | SLOW |          |          |       |
| result<8>                          | IOB     | OUTPUT    | LVTTL       | 12       | SLOW |          |          |       |
| result<9>                          | IOB     | OUTPUT    | LVTTL       | 12       | SLOW |          |          |       |
| result<10>                         | IOB     | OUTPUT    | LVTTL       | 12       | SLOW |          |          |       |
| result<11>                         | IOB     | OUTPUT    | LVTTL       | 12       | SLOW |          |          |       |
| result<12>                         | IOB     | OUTPUT    | LVTTL       | 12       | SLOW |          |          |       |
| result<13>                         | IOB     | OUTPUT    | LVTTL       | 12       | SLOW |          |          |       |
| result<14>                         | IOB     | OUTPUT    | LVTTL       | 12       | SLOW |          |          |       |
| result<15>                         | IOB     | OUTPUT    | LVTTL       | 12       | SLOW |          |          |       |
| result<16>                         | IOB     | OUTPUT    | LVTTL       | 12       | SLOW |          |          |       |
| result<17>                         | IOB     | OUTPUT    | LVTTL       | 12       | SLOW |          |          |       |
| result<18>                         | IOB     | OUTPUT    | LVTTL       | 12       | SLOW |          |          |       |
| result<19>                         | IOB     | OUTPUT    | LVTTL       | 12       | SLOW |          |          |       |
| result<20>                         | IOB     | OUTPUT    | LVTTL       | 12       | SLOW |          |          |       |
| result<21>                         | IOB     | OUTPUT    | LVTTL       | 12       | SLOW |          |          |       |
| result<22>                         | IOB     | OUTPUT    | LVTTL       | 12       | SLOW |          |          |       |
| result<23>                         | IOB     | OUTPUT    | LVTTL       | 12       | SLOW |          |          |       |
| result<24>                         | IOB     | OUTPUT    | LVTTL       | 12       | SLOW |          |          |       |
| result<25>                         | IOB     | OUTPUT    | LVTTL       | 12       | SLOW |          |          |       |
| result<26>                         | IOB     | OUTPUT    | LVTTL       | 12       | SLOW |          |          |       |
| result<27>                         | IOB     | OUTPUT    | LVTTL       | 12       | SLOW |          |          |       |
| result<28>                         | IOB     | OUTPUT    | LVTTL       | 12       | SLOW |          |          |       |
| result<29>                         | IOB     | OUTPUT    | LVTTL       | 12       | SLOW |          |          |       |
| result<30>                         | IOB     | OUTPUT    | LVTTL       | 12       | SLOW |          |          |       |
| result<31>                         | IOB     | OUTPUT    | LVTTL       | 12       | SLOW |          |          |       |
| shiftdir                           | IOB     | INPUT     | LVTTL       |          |      |          |          |       |
| sub_cout                           | IOB     | OUTPUT    | LVTTL       | 12       | SLOW |          |          |       |
+------------------------------------------------------------------------------------------------------------------------+

Section 7 - RPMs
----------------

Section 8 - Guide Report
------------------------
Guide not run on this design.

Section 9 - Area Group and Partition Summary
--------------------------------------------

Area Group Information
----------------------

  No area groups were found in this design.

----------------------

Section 10 - Modular Design Summary
-----------------------------------
Modular Design not used for this design.

Section 11 - Timing Report
--------------------------
No timing report for this architecture.

Section 12 - Configuration String Details
-----------------------------------------
Use the "-detail" map option to print out Configuration Strings

Section 13 - Control Set Information
------------------------------------
No control set information for this architecture.
