Release 10.1 Map K.31 (nt)
Xilinx Mapping Report File for Design 'synfadd_8bit'

Design Information
------------------
Command Line   : map -ise C:/yzhou477/yzhou477.ise -intstyle ise -p
xa2s50e-tq144-6 -cm area -pr off -k 4 -c 100 -tx off -o synfadd_8bit_map.ncd
synfadd_8bit.ngd synfadd_8bit.pcf 
Target Device  : xa2s50e
Target Package : tq144
Target Speed   : -6
Mapper Version : aspartan2e -- $Revision: 1.46 $
Mapped Date    : Sat Jan 25 19:53:14 2025

Design Summary
--------------
Number of errors:      0
Number of warnings:    0
Logic Utilization:
  Number of Slice Flip Flops:        26 out of  1,536    1%
  Number of 4 input LUTs:            16 out of  1,536    1%
Logic Distribution:
    Number of occupied Slices:                          21 out of    768    2%
    Number of Slices containing only related logic:     21 out of     21  100%
    Number of Slices containing unrelated logic:         0 out of     21    0%
        *See NOTES below for an explanation of the effects of unrelated logic
Total Number of 4 input LUTs:        16 out of  1,536    1%
   Number of bonded IOBs:            28 out of     98   28%
   Number of GCLKs:                   1 out of      4   25%
   Number of GCLKIOBs:                1 out of      4   25%

Peak Memory Usage:  129 MB
Total REAL time to MAP completion:  6 secs 
Total CPU time to MAP completion:   5 secs 

NOTES:

   Related logic is defined as being logic that shares connectivity - e.g. two
   LUTs are "related" if they share common inputs.  When assembling slices,
   Map gives priority to combine logic that is related.  Doing so results in
   the best timing performance.

   Unrelated logic shares no connectivity.  Map will only begin packing
   unrelated logic into a slice once 99% of the slices are occupied through
   related logic packing.

   Note that once logic distribution reaches the 99% level through related
   logic packing, this does not mean the device is completely utilized.
   Unrelated logic packing will then begin, continuing until all usable LUTs
   and FFs are occupied.  Depending on your timing budget, increased levels of
   unrelated logic packing may adversely affect the overall timing performance
   of your design.

Table of Contents
-----------------
Section 1 - Errors
Section 2 - Warnings
Section 3 - Informational
Section 4 - Removed Logic Summary
Section 5 - Removed Logic
Section 6 - IOB Properties
Section 7 - RPMs
Section 8 - Guide Report
Section 9 - Area Group and Partition Summary
Section 10 - Modular Design Summary
Section 11 - Timing Report
Section 12 - Configuration String Information
Section 13 - Control Set Information
Section 14 - Utilization by Hierarchy

Section 1 - Errors
------------------

Section 2 - Warnings
--------------------

Section 3 - Informational
-------------------------
INFO:LIT:244 - All of the single ended outputs in this design are using slew
   rate limited output drivers. The delay on speed critical single ended outputs
   can be dramatically reduced by designating them as fast outputs.

Section 4 - Removed Logic Summary
---------------------------------

Section 5 - Removed Logic
-------------------------

Section 6 - IOB Properties
--------------------------

+------------------------------------------------------------------------------------------------------------------------+
| IOB Name                           | Type    | Direction | IO Standard | Drive    | Slew | Reg (s)  | Resistor | IOB   |
|                                    |         |           |             | Strength | Rate |          |          | Delay |
+------------------------------------------------------------------------------------------------------------------------+
| clk                                | GCLKIOB | INPUT     | LVTTL       |          |      |          |          |       |
| a<0>                               | IOB     | INPUT     | LVTTL       |          |      |          |          |       |
| a<1>                               | IOB     | INPUT     | LVTTL       |          |      |          |          |       |
| a<2>                               | IOB     | INPUT     | LVTTL       |          |      |          |          |       |
| a<3>                               | IOB     | INPUT     | LVTTL       |          |      |          |          |       |
| a<4>                               | IOB     | INPUT     | LVTTL       |          |      |          |          |       |
| a<5>                               | IOB     | INPUT     | LVTTL       |          |      |          |          |       |
| a<6>                               | IOB     | INPUT     | LVTTL       |          |      |          |          |       |
| a<7>                               | IOB     | INPUT     | LVTTL       |          |      |          |          |       |
| b<0>                               | IOB     | INPUT     | LVTTL       |          |      |          |          |       |
| b<1>                               | IOB     | INPUT     | LVTTL       |          |      |          |          |       |
| b<2>                               | IOB     | INPUT     | LVTTL       |          |      |          |          |       |
| b<3>                               | IOB     | INPUT     | LVTTL       |          |      |          |          |       |
| b<4>                               | IOB     | INPUT     | LVTTL       |          |      |          |          |       |
| b<5>                               | IOB     | INPUT     | LVTTL       |          |      |          |          |       |
| b<6>                               | IOB     | INPUT     | LVTTL       |          |      |          |          |       |
| b<7>                               | IOB     | INPUT     | LVTTL       |          |      |          |          |       |
| cin                                | IOB     | INPUT     | LVTTL       |          |      |          |          |       |
| clear                              | IOB     | INPUT     | LVTTL       |          |      |          |          |       |
| coutreg                            | IOB     | OUTPUT    | LVTTL       | 12       | SLOW |          |          |       |
| enable                             | IOB     | INPUT     | LVTTL       |          |      |          |          |       |
| zreg<0>                            | IOB     | OUTPUT    | LVTTL       | 12       | SLOW |          |          |       |
| zreg<1>                            | IOB     | OUTPUT    | LVTTL       | 12       | SLOW |          |          |       |
| zreg<2>                            | IOB     | OUTPUT    | LVTTL       | 12       | SLOW |          |          |       |
| zreg<3>                            | IOB     | OUTPUT    | LVTTL       | 12       | SLOW |          |          |       |
| zreg<4>                            | IOB     | OUTPUT    | LVTTL       | 12       | SLOW |          |          |       |
| zreg<5>                            | IOB     | OUTPUT    | LVTTL       | 12       | SLOW |          |          |       |
| zreg<6>                            | IOB     | OUTPUT    | LVTTL       | 12       | SLOW |          |          |       |
| zreg<7>                            | IOB     | OUTPUT    | LVTTL       | 12       | SLOW |          |          |       |
+------------------------------------------------------------------------------------------------------------------------+

Section 7 - RPMs
----------------
XLXI_42_2                               
XLXI_37_1                               
XLXI_36_0                               

Section 8 - Guide Report
------------------------
Guide not run on this design.

Section 9 - Area Group and Partition Summary
--------------------------------------------

Area Group Information
----------------------

  No area groups were found in this design.

----------------------

Section 10 - Modular Design Summary
-----------------------------------
Modular Design not used for this design.

Section 11 - Timing Report
--------------------------
No timing report for this architecture.

Section 12 - Configuration String Details
-----------------------------------------
Use the "-detail" map option to print out Configuration Strings

Section 13 - Control Set Information
------------------------------------
No control set information for this architecture.
